[2019-01-18 06:45:50] defaultLogger.INFO: Signature file found at: H:\wampserver\www\crm\setup/..//signatures.json [] []
[2019-01-18 06:55:23] defaultLogger.INFO: Installing ChurchCRM Schema [] []
[2019-01-18 06:55:44] defaultLogger.INFO: Installed ChurchCRM Schema version: 3.2.3 [] []
[2019-01-18 01:56:11] defaultLogger.INFO: Starting background job processing [] []
[2019-01-18 01:56:11] defaultLogger.INFO: Starting application integrity check [] []
[2019-01-18 01:56:11] defaultLogger.INFO: Signature file found at: H:\wampserver\www\crm/signatures.json [] []
[2019-01-18 01:56:16] defaultLogger.INFO: Application integrity check passed [] []
[2019-01-18 01:56:16] defaultLogger.INFO: Finished background job processing [] []
[2019-01-18 01:56:24] defaultLogger.INFO: Starting background job processing [] []
[2019-01-18 01:56:24] defaultLogger.INFO: Starting application integrity check [] []
[2019-01-18 01:56:24] defaultLogger.INFO: Signature file found at: H:\wampserver\www\crm/signatures.json [] []
[2019-01-18 01:56:27] defaultLogger.INFO: Application integrity check passed [] []
[2019-01-18 01:56:27] defaultLogger.INFO: Finished background job processing [] []
[2019-01-18 01:58:47] defaultLogger.INFO: Starting background job processing [] []
[2019-01-18 01:58:47] defaultLogger.INFO: Starting application integrity check [] []
[2019-01-18 01:58:47] defaultLogger.INFO: Signature file found at: H:\wampserver\www\crm/signatures.json [] []
[2019-01-18 01:58:48] defaultLogger.WARNING: File hash mismatch: Menu.php. Expected: e06e2a60c49f93d123e6af479bf540d8efcb0d4b; Got: ecf87b84ce2f656f459de05742821da1c5366566 [] []
[2019-01-18 01:58:50] defaultLogger.WARNING: Application integrity check failed: One or more files failed signature validation [] []
[2019-01-18 01:58:50] defaultLogger.INFO: Finished background job processing [] []
[2019-01-18 01:59:24] defaultLogger.INFO: Starting background job processing [] []
[2019-01-18 01:59:24] defaultLogger.INFO: Starting application integrity check [] []
[2019-01-18 01:59:24] defaultLogger.INFO: Signature file found at: H:\wampserver\www\crm/signatures.json [] []
[2019-01-18 01:59:24] defaultLogger.WARNING: File hash mismatch: Menu.php. Expected: e06e2a60c49f93d123e6af479bf540d8efcb0d4b; Got: 65d3a497d2dbba3ab64c9ca7887f2fdb09823a84 [] []
[2019-01-18 01:59:25] defaultLogger.WARNING: Application integrity check failed: One or more files failed signature validation [] []
[2019-01-18 01:59:25] defaultLogger.INFO: Finished background job processing [] []
[2019-01-18 02:00:39] defaultLogger.INFO: Starting background job processing [] []
[2019-01-18 02:00:39] defaultLogger.INFO: Starting application integrity check [] []
[2019-01-18 02:00:39] defaultLogger.INFO: Signature file found at: H:\wampserver\www\crm/signatures.json [] []
[2019-01-18 02:00:39] defaultLogger.WARNING: File hash mismatch: Menu.php. Expected: e06e2a60c49f93d123e6af479bf540d8efcb0d4b; Got: 5cc3a5bf56ad938ad3848482ac0a686d0a9f54a8 [] []
[2019-01-18 02:00:40] defaultLogger.WARNING: Application integrity check failed: One or more files failed signature validation [] []
[2019-01-18 02:00:40] defaultLogger.INFO: Finished background job processing [] []
[2019-01-18 02:01:10] defaultLogger.INFO: Starting background job processing [] []
[2019-01-18 02:01:10] defaultLogger.INFO: Starting application integrity check [] []
[2019-01-18 02:01:10] defaultLogger.INFO: Signature file found at: H:\wampserver\www\crm/signatures.json [] []
[2019-01-18 02:01:10] defaultLogger.WARNING: File hash mismatch: Menu.php. Expected: e06e2a60c49f93d123e6af479bf540d8efcb0d4b; Got: 1b69cb27d17c60354b5d12aefefbe30d59e00c59 [] []
[2019-01-18 02:01:11] defaultLogger.WARNING: Application integrity check failed: One or more files failed signature validation [] []
[2019-01-18 02:01:11] defaultLogger.INFO: Finished background job processing [] []
[2019-01-18 02:02:30] defaultLogger.INFO: Starting background job processing [] []
[2019-01-18 02:02:30] defaultLogger.INFO: Starting application integrity check [] []
[2019-01-18 02:02:30] defaultLogger.INFO: Signature file found at: H:\wampserver\www\crm/signatures.json [] []
[2019-01-18 02:02:30] defaultLogger.WARNING: File hash mismatch: Menu.php. Expected: e06e2a60c49f93d123e6af479bf540d8efcb0d4b; Got: 048adbcba998dde04390e006810600f7083194b7 [] []
[2019-01-18 02:02:31] defaultLogger.WARNING: Application integrity check failed: One or more files failed signature validation [] []
[2019-01-18 02:02:31] defaultLogger.INFO: Finished background job processing [] []
[2019-01-18 02:02:32] defaultLogger.INFO: Starting background job processing [] []
[2019-01-18 02:02:32] defaultLogger.INFO: Starting application integrity check [] []
[2019-01-18 02:02:32] defaultLogger.INFO: Signature file found at: H:\wampserver\www\crm/signatures.json [] []
[2019-01-18 02:02:32] defaultLogger.WARNING: File hash mismatch: Menu.php. Expected: e06e2a60c49f93d123e6af479bf540d8efcb0d4b; Got: 048adbcba998dde04390e006810600f7083194b7 [] []
[2019-01-18 02:02:33] defaultLogger.WARNING: Application integrity check failed: One or more files failed signature validation [] []
[2019-01-18 02:02:33] defaultLogger.INFO: Finished background job processing [] []
[2019-01-18 02:02:36] defaultLogger.INFO: Starting background job processing [] []
[2019-01-18 02:02:36] defaultLogger.INFO: Starting application integrity check [] []
[2019-01-18 02:02:36] defaultLogger.INFO: Signature file found at: H:\wampserver\www\crm/signatures.json [] []
[2019-01-18 02:02:36] defaultLogger.WARNING: File hash mismatch: Menu.php. Expected: e06e2a60c49f93d123e6af479bf540d8efcb0d4b; Got: 048adbcba998dde04390e006810600f7083194b7 [] []
[2019-01-18 02:02:37] defaultLogger.WARNING: Application integrity check failed: One or more files failed signature validation [] []
[2019-01-18 02:02:37] defaultLogger.INFO: Finished background job processing [] []
[2019-01-18 02:02:39] defaultLogger.INFO: Starting background job processing [] []
[2019-01-18 02:02:39] defaultLogger.INFO: Starting application integrity check [] []
[2019-01-18 02:02:39] defaultLogger.INFO: Signature file found at: H:\wampserver\www\crm/signatures.json [] []
[2019-01-18 02:02:39] defaultLogger.WARNING: File hash mismatch: Menu.php. Expected: e06e2a60c49f93d123e6af479bf540d8efcb0d4b; Got: 048adbcba998dde04390e006810600f7083194b7 [] []
[2019-01-18 02:02:40] defaultLogger.WARNING: Application integrity check failed: One or more files failed signature validation [] []
[2019-01-18 02:02:40] defaultLogger.INFO: Finished background job processing [] []
[2019-01-18 02:02:41] defaultLogger.INFO: Starting background job processing [] []
[2019-01-18 02:02:41] defaultLogger.INFO: Starting application integrity check [] []
[2019-01-18 02:02:41] defaultLogger.INFO: Signature file found at: H:\wampserver\www\crm/signatures.json [] []
[2019-01-18 02:02:41] defaultLogger.WARNING: File hash mismatch: Menu.php. Expected: e06e2a60c49f93d123e6af479bf540d8efcb0d4b; Got: 048adbcba998dde04390e006810600f7083194b7 [] []
[2019-01-18 02:02:42] defaultLogger.WARNING: Application integrity check failed: One or more files failed signature validation [] []
[2019-01-18 02:02:42] defaultLogger.INFO: Finished background job processing [] []
[2019-01-18 02:02:43] defaultLogger.INFO: Starting background job processing [] []
[2019-01-18 02:02:43] defaultLogger.INFO: Starting application integrity check [] []
[2019-01-18 02:02:43] defaultLogger.INFO: Signature file found at: H:\wampserver\www\crm/signatures.json [] []
[2019-01-18 02:02:43] defaultLogger.WARNING: File hash mismatch: Menu.php. Expected: e06e2a60c49f93d123e6af479bf540d8efcb0d4b; Got: 048adbcba998dde04390e006810600f7083194b7 [] []
[2019-01-18 02:02:44] defaultLogger.WARNING: Application integrity check failed: One or more files failed signature validation [] []
[2019-01-18 02:02:44] defaultLogger.INFO: Finished background job processing [] []
[2019-01-18 02:02:46] defaultLogger.INFO: Starting background job processing [] []
[2019-01-18 02:02:46] defaultLogger.INFO: Starting application integrity check [] []
[2019-01-18 02:02:46] defaultLogger.INFO: Signature file found at: H:\wampserver\www\crm/signatures.json [] []
[2019-01-18 02:02:47] defaultLogger.WARNING: File hash mismatch: Menu.php. Expected: e06e2a60c49f93d123e6af479bf540d8efcb0d4b; Got: 048adbcba998dde04390e006810600f7083194b7 [] []
[2019-01-18 02:02:48] defaultLogger.WARNING: Application integrity check failed: One or more files failed signature validation [] []
[2019-01-18 02:02:48] defaultLogger.INFO: Finished background job processing [] []
[2019-01-18 02:02:49] defaultLogger.INFO: Starting background job processing [] []
[2019-01-18 02:02:49] defaultLogger.INFO: Starting application integrity check [] []
[2019-01-18 02:02:49] defaultLogger.INFO: Signature file found at: H:\wampserver\www\crm/signatures.json [] []
[2019-01-18 02:02:49] defaultLogger.WARNING: File hash mismatch: Menu.php. Expected: e06e2a60c49f93d123e6af479bf540d8efcb0d4b; Got: 048adbcba998dde04390e006810600f7083194b7 [] []
[2019-01-18 02:02:50] defaultLogger.WARNING: Application integrity check failed: One or more files failed signature validation [] []
[2019-01-18 02:02:50] defaultLogger.INFO: Finished background job processing [] []
[2019-01-18 02:03:16] defaultLogger.INFO: Starting background job processing [] []
[2019-01-18 02:03:16] defaultLogger.INFO: Starting application integrity check [] []
[2019-01-18 02:03:16] defaultLogger.INFO: Signature file found at: H:\wampserver\www\crm/signatures.json [] []
[2019-01-18 02:03:19] defaultLogger.WARNING: File hash mismatch: Menu.php. Expected: e06e2a60c49f93d123e6af479bf540d8efcb0d4b; Got: 014a3fa0ec2a49dd127c5d23d4b412b91fc59272 [] []
[2019-01-18 02:03:47] defaultLogger.WARNING: Application integrity check failed: One or more files failed signature validation [] []
[2019-01-18 02:03:47] defaultLogger.INFO: Finished background job processing [] []
[2019-01-18 02:03:50] defaultLogger.INFO: Starting background job processing [] []
[2019-01-18 02:03:50] defaultLogger.INFO: Starting application integrity check [] []
[2019-01-18 02:03:50] defaultLogger.INFO: Signature file found at: H:\wampserver\www\crm/signatures.json [] []
[2019-01-18 02:03:50] defaultLogger.WARNING: File hash mismatch: Menu.php. Expected: e06e2a60c49f93d123e6af479bf540d8efcb0d4b; Got: bf68cdef4df31469fa38b46d319996bee01235b0 [] []
[2019-01-18 02:03:51] defaultLogger.WARNING: Application integrity check failed: One or more files failed signature validation [] []
[2019-01-18 02:03:51] defaultLogger.INFO: Finished background job processing [] []
[2019-01-18 02:06:28] defaultLogger.INFO: Starting background job processing [] []
[2019-01-18 02:06:28] defaultLogger.INFO: Starting application integrity check [] []
[2019-01-18 02:06:28] defaultLogger.INFO: Signature file found at: H:\wampserver\www\crm/signatures.json [] []
[2019-01-18 02:06:29] defaultLogger.WARNING: File hash mismatch: Menu.php. Expected: e06e2a60c49f93d123e6af479bf540d8efcb0d4b; Got: bf68cdef4df31469fa38b46d319996bee01235b0 [] []
[2019-01-18 02:06:31] defaultLogger.WARNING: Application integrity check failed: One or more files failed signature validation [] []
[2019-01-18 02:06:31] defaultLogger.INFO: Finished background job processing [] []
[2019-01-18 02:06:57] defaultLogger.INFO: Starting background job processing [] []
[2019-01-18 02:06:57] defaultLogger.INFO: Starting application integrity check [] []
[2019-01-18 02:06:57] defaultLogger.INFO: Signature file found at: H:\wampserver\www\crm/signatures.json [] []
[2019-01-18 02:06:57] defaultLogger.WARNING: File hash mismatch: Menu.php. Expected: e06e2a60c49f93d123e6af479bf540d8efcb0d4b; Got: bf68cdef4df31469fa38b46d319996bee01235b0 [] []
[2019-01-18 02:06:58] defaultLogger.WARNING: Application integrity check failed: One or more files failed signature validation [] []
[2019-01-18 02:06:58] defaultLogger.INFO: Finished background job processing [] []
[2019-01-18 02:13:24] defaultLogger.INFO: Starting background job processing [] []
[2019-01-18 02:13:24] defaultLogger.INFO: Starting application integrity check [] []
[2019-01-18 02:13:24] defaultLogger.INFO: Signature file found at: H:\wampserver\www\crm/signatures.json [] []
[2019-01-18 02:13:24] defaultLogger.WARNING: File hash mismatch: Menu.php. Expected: e06e2a60c49f93d123e6af479bf540d8efcb0d4b; Got: bf68cdef4df31469fa38b46d319996bee01235b0 [] []
[2019-01-18 02:13:25] defaultLogger.WARNING: Application integrity check failed: One or more files failed signature validation [] []
[2019-01-18 02:13:25] defaultLogger.INFO: Finished background job processing [] []
[2019-01-18 02:13:28] defaultLogger.INFO: Starting background job processing [] []
[2019-01-18 02:13:28] defaultLogger.INFO: Starting application integrity check [] []
[2019-01-18 02:13:28] defaultLogger.INFO: Signature file found at: H:\wampserver\www\crm/signatures.json [] []
[2019-01-18 02:13:28] defaultLogger.WARNING: File hash mismatch: Menu.php. Expected: e06e2a60c49f93d123e6af479bf540d8efcb0d4b; Got: bf68cdef4df31469fa38b46d319996bee01235b0 [] []
[2019-01-18 02:13:29] defaultLogger.WARNING: Application integrity check failed: One or more files failed signature validation [] []
[2019-01-18 02:13:29] defaultLogger.INFO: Finished background job processing [] []
[2019-01-18 02:13:33] defaultLogger.INFO: Starting background job processing [] []
[2019-01-18 02:13:33] defaultLogger.INFO: Starting application integrity check [] []
[2019-01-18 02:13:33] defaultLogger.INFO: Signature file found at: H:\wampserver\www\crm/signatures.json [] []
[2019-01-18 02:13:34] defaultLogger.WARNING: File hash mismatch: Menu.php. Expected: e06e2a60c49f93d123e6af479bf540d8efcb0d4b; Got: bf68cdef4df31469fa38b46d319996bee01235b0 [] []
[2019-01-18 02:13:35] defaultLogger.WARNING: Application integrity check failed: One or more files failed signature validation [] []
[2019-01-18 02:13:35] defaultLogger.INFO: Finished background job processing [] []
[2019-01-18 02:13:36] defaultLogger.INFO: Starting background job processing [] []
[2019-01-18 02:13:36] defaultLogger.INFO: Starting application integrity check [] []
[2019-01-18 02:13:36] defaultLogger.INFO: Signature file found at: H:\wampserver\www\crm/signatures.json [] []
[2019-01-18 02:13:36] defaultLogger.WARNING: File hash mismatch: Menu.php. Expected: e06e2a60c49f93d123e6af479bf540d8efcb0d4b; Got: bf68cdef4df31469fa38b46d319996bee01235b0 [] []
[2019-01-18 02:13:37] defaultLogger.WARNING: Application integrity check failed: One or more files failed signature validation [] []
[2019-01-18 02:13:37] defaultLogger.INFO: Finished background job processing [] []
[2019-01-18 02:13:42] defaultLogger.INFO: Starting background job processing [] []
[2019-01-18 02:13:42] defaultLogger.INFO: Starting application integrity check [] []
[2019-01-18 02:13:42] defaultLogger.INFO: Signature file found at: H:\wampserver\www\crm/signatures.json [] []
[2019-01-18 02:13:42] defaultLogger.WARNING: File hash mismatch: Menu.php. Expected: e06e2a60c49f93d123e6af479bf540d8efcb0d4b; Got: bf68cdef4df31469fa38b46d319996bee01235b0 [] []
[2019-01-18 02:13:43] defaultLogger.WARNING: Application integrity check failed: One or more files failed signature validation [] []
[2019-01-18 02:13:43] defaultLogger.INFO: Finished background job processing [] []
[2019-01-18 02:16:43] defaultLogger.INFO: Starting background job processing [] []
[2019-01-18 02:16:43] defaultLogger.INFO: Starting application integrity check [] []
[2019-01-18 02:16:43] defaultLogger.INFO: Signature file found at: H:\wampserver\www\crm/signatures.json [] []
[2019-01-18 02:16:44] defaultLogger.WARNING: File hash mismatch: Menu.php. Expected: e06e2a60c49f93d123e6af479bf540d8efcb0d4b; Got: bf68cdef4df31469fa38b46d319996bee01235b0 [] []
[2019-01-18 02:16:45] defaultLogger.WARNING: Application integrity check failed: One or more files failed signature validation [] []
[2019-01-18 02:16:45] defaultLogger.INFO: Finished background job processing [] []
[2019-01-18 02:16:46] defaultLogger.INFO: Starting background job processing [] []
[2019-01-18 02:16:46] defaultLogger.INFO: Starting application integrity check [] []
[2019-01-18 02:16:46] defaultLogger.INFO: Signature file found at: H:\wampserver\www\crm/signatures.json [] []
[2019-01-18 02:16:47] defaultLogger.WARNING: File hash mismatch: Menu.php. Expected: e06e2a60c49f93d123e6af479bf540d8efcb0d4b; Got: bf68cdef4df31469fa38b46d319996bee01235b0 [] []
[2019-01-18 02:16:48] defaultLogger.WARNING: Application integrity check failed: One or more files failed signature validation [] []
[2019-01-18 02:16:48] defaultLogger.INFO: Finished background job processing [] []
[2019-01-18 02:16:50] defaultLogger.INFO: Starting background job processing [] []
[2019-01-18 02:16:50] defaultLogger.INFO: Starting application integrity check [] []
[2019-01-18 02:16:50] defaultLogger.INFO: Signature file found at: H:\wampserver\www\crm/signatures.json [] []
[2019-01-18 02:16:50] defaultLogger.WARNING: File hash mismatch: Menu.php. Expected: e06e2a60c49f93d123e6af479bf540d8efcb0d4b; Got: bf68cdef4df31469fa38b46d319996bee01235b0 [] []
[2019-01-18 02:16:50] defaultLogger.WARNING: Application integrity check failed: One or more files failed signature validation [] []
[2019-01-18 02:16:50] defaultLogger.INFO: Finished background job processing [] []
[2019-01-18 02:17:03] defaultLogger.INFO: Starting background job processing [] []
[2019-01-18 02:17:03] defaultLogger.INFO: Starting application integrity check [] []
[2019-01-18 02:17:03] defaultLogger.INFO: Signature file found at: H:\wampserver\www\crm/signatures.json [] []
[2019-01-18 02:17:03] defaultLogger.WARNING: File hash mismatch: Menu.php. Expected: e06e2a60c49f93d123e6af479bf540d8efcb0d4b; Got: bf68cdef4df31469fa38b46d319996bee01235b0 [] []
[2019-01-18 02:17:04] defaultLogger.WARNING: Application integrity check failed: One or more files failed signature validation [] []
[2019-01-18 02:17:04] defaultLogger.INFO: Finished background job processing [] []
[2019-01-18 02:17:19] defaultLogger.INFO: Starting background job processing [] []
[2019-01-18 02:17:19] defaultLogger.INFO: Starting application integrity check [] []
[2019-01-18 02:17:19] defaultLogger.INFO: Signature file found at: H:\wampserver\www\crm/signatures.json [] []
[2019-01-18 02:17:19] defaultLogger.WARNING: File hash mismatch: Menu.php. Expected: e06e2a60c49f93d123e6af479bf540d8efcb0d4b; Got: bf68cdef4df31469fa38b46d319996bee01235b0 [] []
[2019-01-18 02:17:20] defaultLogger.WARNING: Application integrity check failed: One or more files failed signature validation [] []
[2019-01-18 02:17:20] defaultLogger.INFO: Finished background job processing [] []
[2019-01-18 02:17:22] defaultLogger.INFO: Starting background job processing [] []
[2019-01-18 02:17:22] defaultLogger.INFO: Starting application integrity check [] []
[2019-01-18 02:17:22] defaultLogger.INFO: Signature file found at: H:\wampserver\www\crm/signatures.json [] []
[2019-01-18 02:17:22] defaultLogger.WARNING: File hash mismatch: Menu.php. Expected: e06e2a60c49f93d123e6af479bf540d8efcb0d4b; Got: bf68cdef4df31469fa38b46d319996bee01235b0 [] []
[2019-01-18 02:17:23] defaultLogger.WARNING: Application integrity check failed: One or more files failed signature validation [] []
[2019-01-18 02:17:23] defaultLogger.INFO: Finished background job processing [] []
[2019-01-18 02:23:03] defaultLogger.INFO: Starting background job processing [] []
[2019-01-18 02:23:03] defaultLogger.INFO: Starting application integrity check [] []
[2019-01-18 02:23:03] defaultLogger.INFO: Signature file found at: H:\wampserver\www\crm/signatures.json [] []
[2019-01-18 02:23:04] defaultLogger.WARNING: File hash mismatch: Menu.php. Expected: e06e2a60c49f93d123e6af479bf540d8efcb0d4b; Got: bf68cdef4df31469fa38b46d319996bee01235b0 [] []
[2019-01-18 02:23:06] defaultLogger.WARNING: Application integrity check failed: One or more files failed signature validation [] []
[2019-01-18 02:23:06] defaultLogger.INFO: Finished background job processing [] []
[2019-01-18 03:06:46] defaultLogger.INFO: Starting background job processing [] []
[2019-01-18 03:06:46] defaultLogger.INFO: Starting application integrity check [] []
[2019-01-18 03:06:46] defaultLogger.INFO: Signature file found at: H:\wampserver\www\crm/signatures.json [] []
[2019-01-18 03:06:48] defaultLogger.WARNING: File hash mismatch: Menu.php. Expected: e06e2a60c49f93d123e6af479bf540d8efcb0d4b; Got: a843c95f19cb92ee75ebcbe4421fbf08f01cd46b [] []
[2019-01-18 03:06:50] defaultLogger.WARNING: Application integrity check failed: One or more files failed signature validation [] []
[2019-01-18 03:06:50] defaultLogger.INFO: Finished background job processing [] []
[2019-01-18 03:06:55] defaultLogger.INFO: Starting background job processing [] []
[2019-01-18 03:06:55] defaultLogger.INFO: Starting application integrity check [] []
[2019-01-18 03:06:55] defaultLogger.INFO: Signature file found at: H:\wampserver\www\crm/signatures.json [] []
[2019-01-18 03:06:55] defaultLogger.WARNING: File hash mismatch: Menu.php. Expected: e06e2a60c49f93d123e6af479bf540d8efcb0d4b; Got: f2a57f86503892a84bc7b76666d0ed368192c9f3 [] []
[2019-01-18 03:06:56] defaultLogger.WARNING: Application integrity check failed: One or more files failed signature validation [] []
[2019-01-18 03:06:56] defaultLogger.INFO: Finished background job processing [] []
[2019-01-18 03:06:59] defaultLogger.INFO: Starting background job processing [] []
[2019-01-18 03:06:59] defaultLogger.INFO: Starting application integrity check [] []
[2019-01-18 03:06:59] defaultLogger.INFO: Signature file found at: H:\wampserver\www\crm/signatures.json [] []
[2019-01-18 03:06:59] defaultLogger.WARNING: File hash mismatch: Menu.php. Expected: e06e2a60c49f93d123e6af479bf540d8efcb0d4b; Got: d14dff5e8f4d47800cd90ac0f65d62cff418c5fd [] []
[2019-01-18 03:07:00] defaultLogger.WARNING: Application integrity check failed: One or more files failed signature validation [] []
[2019-01-18 03:07:00] defaultLogger.INFO: Finished background job processing [] []
[2019-01-18 03:07:05] defaultLogger.INFO: Starting background job processing [] []
[2019-01-18 03:07:05] defaultLogger.INFO: Starting application integrity check [] []
[2019-01-18 03:07:05] defaultLogger.INFO: Signature file found at: H:\wampserver\www\crm/signatures.json [] []
[2019-01-18 03:07:05] defaultLogger.WARNING: File hash mismatch: Menu.php. Expected: e06e2a60c49f93d123e6af479bf540d8efcb0d4b; Got: bab2924c813d3a999f1af53eb7f762103932a92c [] []
[2019-01-18 03:07:06] defaultLogger.WARNING: Application integrity check failed: One or more files failed signature validation [] []
[2019-01-18 03:07:06] defaultLogger.INFO: Finished background job processing [] []
[2019-01-18 03:07:37] defaultLogger.INFO: Starting background job processing [] []
[2019-01-18 03:07:37] defaultLogger.INFO: Starting application integrity check [] []
[2019-01-18 03:07:37] defaultLogger.INFO: Signature file found at: H:\wampserver\www\crm/signatures.json [] []
[2019-01-18 03:07:37] defaultLogger.WARNING: File hash mismatch: Menu.php. Expected: e06e2a60c49f93d123e6af479bf540d8efcb0d4b; Got: d095aec4cd9c8900f3b2ed882d4780fc8b81bf2a [] []
[2019-01-18 03:07:38] defaultLogger.WARNING: Application integrity check failed: One or more files failed signature validation [] []
[2019-01-18 03:07:38] defaultLogger.INFO: Finished background job processing [] []
[2019-01-18 03:07:43] defaultLogger.INFO: Starting background job processing [] []
[2019-01-18 03:07:43] defaultLogger.INFO: Starting application integrity check [] []
[2019-01-18 03:07:43] defaultLogger.INFO: Signature file found at: H:\wampserver\www\crm/signatures.json [] []
[2019-01-18 03:07:43] defaultLogger.WARNING: File hash mismatch: Menu.php. Expected: e06e2a60c49f93d123e6af479bf540d8efcb0d4b; Got: a843c95f19cb92ee75ebcbe4421fbf08f01cd46b [] []
[2019-01-18 03:07:44] defaultLogger.WARNING: Application integrity check failed: One or more files failed signature validation [] []
[2019-01-18 03:07:44] defaultLogger.INFO: Finished background job processing [] []
[2019-01-18 03:08:08] defaultLogger.INFO: Starting background job processing [] []
[2019-01-18 03:08:08] defaultLogger.INFO: Starting application integrity check [] []
[2019-01-18 03:08:08] defaultLogger.INFO: Signature file found at: H:\wampserver\www\crm/signatures.json [] []
[2019-01-18 03:08:09] defaultLogger.WARNING: File hash mismatch: Menu.php. Expected: e06e2a60c49f93d123e6af479bf540d8efcb0d4b; Got: d3b0dfc387a2eede329500ea4271117582421f9b [] []
[2019-01-18 03:08:10] defaultLogger.WARNING: Application integrity check failed: One or more files failed signature validation [] []
[2019-01-18 03:08:10] defaultLogger.INFO: Finished background job processing [] []
[2019-01-18 03:09:47] defaultLogger.INFO: Starting background job processing [] []
[2019-01-18 03:09:47] defaultLogger.INFO: Starting application integrity check [] []
[2019-01-18 03:09:47] defaultLogger.INFO: Signature file found at: H:\wampserver\www\crm/signatures.json [] []
[2019-01-18 03:09:47] defaultLogger.WARNING: File hash mismatch: Menu.php. Expected: e06e2a60c49f93d123e6af479bf540d8efcb0d4b; Got: b147611ae631937a62871dc041faee168d2eb4c2 [] []
[2019-01-18 03:09:48] defaultLogger.WARNING: Application integrity check failed: One or more files failed signature validation [] []
[2019-01-18 03:09:48] defaultLogger.INFO: Finished background job processing [] []
[2019-01-18 03:11:05] defaultLogger.INFO: Starting background job processing [] []
[2019-01-18 03:11:05] defaultLogger.INFO: Starting application integrity check [] []
[2019-01-18 03:11:05] defaultLogger.INFO: Signature file found at: H:\wampserver\www\crm/signatures.json [] []
[2019-01-18 03:11:06] defaultLogger.WARNING: File hash mismatch: Include/Footer.php. Expected: 3637e91d0cdfc2759d493500050aec67635a7121; Got: c04d003c0a8cc5ebe4fef37587c88952d470bef3 [] []
[2019-01-18 03:11:06] defaultLogger.WARNING: File hash mismatch: Menu.php. Expected: e06e2a60c49f93d123e6af479bf540d8efcb0d4b; Got: b147611ae631937a62871dc041faee168d2eb4c2 [] []
[2019-01-18 03:11:07] defaultLogger.WARNING: Application integrity check failed: One or more files failed signature validation [] []
[2019-01-18 03:11:07] defaultLogger.INFO: Finished background job processing [] []
[2019-01-18 03:11:23] defaultLogger.INFO: Starting background job processing [] []
[2019-01-18 03:11:23] defaultLogger.INFO: Starting application integrity check [] []
[2019-01-18 03:11:23] defaultLogger.INFO: Signature file found at: H:\wampserver\www\crm/signatures.json [] []
[2019-01-18 03:11:23] defaultLogger.WARNING: File hash mismatch: Include/Footer.php. Expected: 3637e91d0cdfc2759d493500050aec67635a7121; Got: 471c2ffecbe5882c6c7dd82e2c1b893c632c5f2f [] []
[2019-01-18 03:11:23] defaultLogger.WARNING: File hash mismatch: Menu.php. Expected: e06e2a60c49f93d123e6af479bf540d8efcb0d4b; Got: b147611ae631937a62871dc041faee168d2eb4c2 [] []
[2019-01-18 03:11:24] defaultLogger.WARNING: Application integrity check failed: One or more files failed signature validation [] []
[2019-01-18 03:11:24] defaultLogger.INFO: Finished background job processing [] []
[2019-01-18 03:12:42] defaultLogger.INFO: Starting background job processing [] []
[2019-01-18 03:12:42] defaultLogger.INFO: Starting application integrity check [] []
[2019-01-18 03:12:42] defaultLogger.INFO: Signature file found at: H:\wampserver\www\crm/signatures.json [] []
[2019-01-18 03:12:42] defaultLogger.WARNING: File hash mismatch: Include/Footer.php. Expected: 3637e91d0cdfc2759d493500050aec67635a7121; Got: 471c2ffecbe5882c6c7dd82e2c1b893c632c5f2f [] []
[2019-01-18 03:12:42] defaultLogger.WARNING: File hash mismatch: Include/Header.php. Expected: 569f7d97792a6ec4bf1016ec6567430cf97e5905; Got: c15922a3a7e3303670a5521b4c269f90784d342d [] []
[2019-01-18 03:12:42] defaultLogger.WARNING: File hash mismatch: Menu.php. Expected: e06e2a60c49f93d123e6af479bf540d8efcb0d4b; Got: b147611ae631937a62871dc041faee168d2eb4c2 [] []
[2019-01-18 03:12:43] defaultLogger.WARNING: Application integrity check failed: One or more files failed signature validation [] []
[2019-01-18 03:12:43] defaultLogger.INFO: Finished background job processing [] []
[2019-01-18 03:12:54] defaultLogger.INFO: Starting background job processing [] []
[2019-01-18 03:12:54] defaultLogger.INFO: Starting application integrity check [] []
[2019-01-18 03:12:54] defaultLogger.INFO: Signature file found at: H:\wampserver\www\crm/signatures.json [] []
[2019-01-18 03:12:54] defaultLogger.WARNING: File hash mismatch: Include/Footer.php. Expected: 3637e91d0cdfc2759d493500050aec67635a7121; Got: 471c2ffecbe5882c6c7dd82e2c1b893c632c5f2f [] []
[2019-01-18 03:12:54] defaultLogger.WARNING: File hash mismatch: Include/Header.php. Expected: 569f7d97792a6ec4bf1016ec6567430cf97e5905; Got: 5f9a741233efb418779ec369f9e40160d716ec62 [] []
[2019-01-18 03:12:54] defaultLogger.WARNING: File hash mismatch: Menu.php. Expected: e06e2a60c49f93d123e6af479bf540d8efcb0d4b; Got: b147611ae631937a62871dc041faee168d2eb4c2 [] []
[2019-01-18 03:12:55] defaultLogger.WARNING: Application integrity check failed: One or more files failed signature validation [] []
[2019-01-18 03:12:55] defaultLogger.INFO: Finished background job processing [] []
[2019-01-18 03:13:24] defaultLogger.INFO: Starting background job processing [] []
[2019-01-18 03:13:24] defaultLogger.INFO: Starting application integrity check [] []
[2019-01-18 03:13:24] defaultLogger.INFO: Signature file found at: H:\wampserver\www\crm/signatures.json [] []
[2019-01-18 03:13:24] defaultLogger.WARNING: File hash mismatch: Include/Footer.php. Expected: 3637e91d0cdfc2759d493500050aec67635a7121; Got: 471c2ffecbe5882c6c7dd82e2c1b893c632c5f2f [] []
[2019-01-18 03:13:24] defaultLogger.WARNING: File hash mismatch: Include/Header.php. Expected: 569f7d97792a6ec4bf1016ec6567430cf97e5905; Got: 5f9a741233efb418779ec369f9e40160d716ec62 [] []
[2019-01-18 03:13:24] defaultLogger.WARNING: File hash mismatch: Menu.php. Expected: e06e2a60c49f93d123e6af479bf540d8efcb0d4b; Got: b147611ae631937a62871dc041faee168d2eb4c2 [] []
[2019-01-18 03:13:25] defaultLogger.WARNING: Application integrity check failed: One or more files failed signature validation [] []
[2019-01-18 03:13:25] defaultLogger.INFO: Finished background job processing [] []
[2019-01-18 04:15:06] defaultLogger.INFO: Starting background job processing [] []
[2019-01-18 04:15:06] defaultLogger.INFO: Starting application integrity check [] []
[2019-01-18 04:15:06] defaultLogger.INFO: Signature file found at: H:\wampserver\www\crm/signatures.json [] []
[2019-01-18 04:15:12] defaultLogger.WARNING: File hash mismatch: Include/Footer.php. Expected: 3637e91d0cdfc2759d493500050aec67635a7121; Got: 471c2ffecbe5882c6c7dd82e2c1b893c632c5f2f [] []
[2019-01-18 04:15:13] defaultLogger.WARNING: File hash mismatch: Include/Header.php. Expected: 569f7d97792a6ec4bf1016ec6567430cf97e5905; Got: 5f9a741233efb418779ec369f9e40160d716ec62 [] []
[2019-01-18 04:15:13] defaultLogger.WARNING: File hash mismatch: Menu.php. Expected: e06e2a60c49f93d123e6af479bf540d8efcb0d4b; Got: b147611ae631937a62871dc041faee168d2eb4c2 [] []
[2019-01-18 04:15:46] defaultLogger.WARNING: Application integrity check failed: One or more files failed signature validation [] []
[2019-01-18 04:15:46] defaultLogger.INFO: Finished background job processing [] []
[2019-01-18 04:26:05] defaultLogger.INFO: Starting background job processing [] []
[2019-01-18 04:26:05] defaultLogger.INFO: Starting application integrity check [] []
[2019-01-18 04:26:05] defaultLogger.INFO: Signature file found at: H:\wampserver\www\crm/signatures.json [] []
[2019-01-18 04:26:05] defaultLogger.WARNING: File hash mismatch: Include/Footer.php. Expected: 3637e91d0cdfc2759d493500050aec67635a7121; Got: 471c2ffecbe5882c6c7dd82e2c1b893c632c5f2f [] []
[2019-01-18 04:26:05] defaultLogger.WARNING: File hash mismatch: Include/Header.php. Expected: 569f7d97792a6ec4bf1016ec6567430cf97e5905; Got: 5f9a741233efb418779ec369f9e40160d716ec62 [] []
[2019-01-18 04:26:05] defaultLogger.WARNING: File hash mismatch: Menu.php. Expected: e06e2a60c49f93d123e6af479bf540d8efcb0d4b; Got: aed4fad1f40b92a376152af933ad2e5efeec1d5b [] []
[2019-01-18 04:26:06] defaultLogger.WARNING: Application integrity check failed: One or more files failed signature validation [] []
[2019-01-18 04:26:06] defaultLogger.INFO: Finished background job processing [] []
[2019-01-18 04:27:34] defaultLogger.INFO: Starting background job processing [] []
[2019-01-18 04:27:34] defaultLogger.INFO: Starting application integrity check [] []
[2019-01-18 04:27:34] defaultLogger.INFO: Signature file found at: H:\wampserver\www\crm/signatures.json [] []
[2019-01-18 04:27:34] defaultLogger.WARNING: File hash mismatch: Include/Footer.php. Expected: 3637e91d0cdfc2759d493500050aec67635a7121; Got: 471c2ffecbe5882c6c7dd82e2c1b893c632c5f2f [] []
[2019-01-18 04:27:34] defaultLogger.WARNING: File hash mismatch: Include/Header.php. Expected: 569f7d97792a6ec4bf1016ec6567430cf97e5905; Got: 5f9a741233efb418779ec369f9e40160d716ec62 [] []
[2019-01-18 04:27:34] defaultLogger.WARNING: File hash mismatch: Menu.php. Expected: e06e2a60c49f93d123e6af479bf540d8efcb0d4b; Got: 2723b3fb778e2ae6fd3a284145277dbd73e336b5 [] []
[2019-01-18 04:27:35] defaultLogger.WARNING: Application integrity check failed: One or more files failed signature validation [] []
[2019-01-18 04:27:35] defaultLogger.INFO: Finished background job processing [] []
[2019-01-18 04:27:50] defaultLogger.INFO: Starting background job processing [] []
[2019-01-18 04:27:50] defaultLogger.INFO: Starting application integrity check [] []
[2019-01-18 04:27:50] defaultLogger.INFO: Signature file found at: H:\wampserver\www\crm/signatures.json [] []
[2019-01-18 04:27:51] defaultLogger.WARNING: File hash mismatch: Include/Footer.php. Expected: 3637e91d0cdfc2759d493500050aec67635a7121; Got: 471c2ffecbe5882c6c7dd82e2c1b893c632c5f2f [] []
[2019-01-18 04:27:51] defaultLogger.WARNING: File hash mismatch: Include/Header.php. Expected: 569f7d97792a6ec4bf1016ec6567430cf97e5905; Got: 5f9a741233efb418779ec369f9e40160d716ec62 [] []
[2019-01-18 04:27:51] defaultLogger.WARNING: File hash mismatch: Menu.php. Expected: e06e2a60c49f93d123e6af479bf540d8efcb0d4b; Got: 2723b3fb778e2ae6fd3a284145277dbd73e336b5 [] []
[2019-01-18 04:27:51] defaultLogger.WARNING: Application integrity check failed: One or more files failed signature validation [] []
[2019-01-18 04:27:51] defaultLogger.INFO: Finished background job processing [] []
[2019-01-18 04:28:13] defaultLogger.INFO: Starting background job processing [] []
[2019-01-18 04:28:17] defaultLogger.INFO: Starting application integrity check [] []
[2019-01-18 04:28:17] defaultLogger.INFO: Signature file found at: H:\wampserver\www\crm/signatures.json [] []
[2019-01-18 04:28:17] defaultLogger.WARNING: File hash mismatch: Include/Footer.php. Expected: 3637e91d0cdfc2759d493500050aec67635a7121; Got: 471c2ffecbe5882c6c7dd82e2c1b893c632c5f2f [] []
[2019-01-18 04:28:17] defaultLogger.WARNING: File hash mismatch: Include/Header.php. Expected: 569f7d97792a6ec4bf1016ec6567430cf97e5905; Got: 5f9a741233efb418779ec369f9e40160d716ec62 [] []
[2019-01-18 04:28:17] defaultLogger.WARNING: File hash mismatch: Menu.php. Expected: e06e2a60c49f93d123e6af479bf540d8efcb0d4b; Got: 2723b3fb778e2ae6fd3a284145277dbd73e336b5 [] []
[2019-01-18 04:28:18] defaultLogger.WARNING: Application integrity check failed: One or more files failed signature validation [] []
[2019-01-18 04:28:18] defaultLogger.INFO: Finished background job processing [] []
[2019-01-18 04:33:18] defaultLogger.INFO: Starting background job processing [] []
[2019-01-18 04:33:18] defaultLogger.INFO: Starting application integrity check [] []
[2019-01-18 04:33:18] defaultLogger.INFO: Signature file found at: H:\wampserver\www\crm/signatures.json [] []
[2019-01-18 04:33:18] defaultLogger.WARNING: File hash mismatch: Include/Footer.php. Expected: 3637e91d0cdfc2759d493500050aec67635a7121; Got: 471c2ffecbe5882c6c7dd82e2c1b893c632c5f2f [] []
[2019-01-18 04:33:18] defaultLogger.WARNING: File hash mismatch: Include/Header.php. Expected: 569f7d97792a6ec4bf1016ec6567430cf97e5905; Got: 5f9a741233efb418779ec369f9e40160d716ec62 [] []
[2019-01-18 04:33:18] defaultLogger.WARNING: File hash mismatch: Menu.php. Expected: e06e2a60c49f93d123e6af479bf540d8efcb0d4b; Got: 2723b3fb778e2ae6fd3a284145277dbd73e336b5 [] []
[2019-01-18 04:33:19] defaultLogger.WARNING: Application integrity check failed: One or more files failed signature validation [] []
[2019-01-18 04:33:19] defaultLogger.INFO: Finished background job processing [] []
[2019-01-18 04:33:25] defaultLogger.INFO: Starting background job processing [] []
[2019-01-18 04:33:25] defaultLogger.INFO: Starting application integrity check [] []
[2019-01-18 04:33:25] defaultLogger.INFO: Signature file found at: H:\wampserver\www\crm/signatures.json [] []
[2019-01-18 04:33:25] defaultLogger.WARNING: File hash mismatch: Include/Footer.php. Expected: 3637e91d0cdfc2759d493500050aec67635a7121; Got: 471c2ffecbe5882c6c7dd82e2c1b893c632c5f2f [] []
[2019-01-18 04:33:25] defaultLogger.WARNING: File hash mismatch: Include/Header.php. Expected: 569f7d97792a6ec4bf1016ec6567430cf97e5905; Got: 5f9a741233efb418779ec369f9e40160d716ec62 [] []
[2019-01-18 04:33:25] defaultLogger.WARNING: File hash mismatch: Menu.php. Expected: e06e2a60c49f93d123e6af479bf540d8efcb0d4b; Got: 2723b3fb778e2ae6fd3a284145277dbd73e336b5 [] []
[2019-01-18 04:33:26] defaultLogger.WARNING: Application integrity check failed: One or more files failed signature validation [] []
[2019-01-18 04:33:26] defaultLogger.INFO: Finished background job processing [] []
[2019-01-18 04:38:14] defaultLogger.INFO: Starting background job processing [] []
[2019-01-18 04:38:14] defaultLogger.INFO: Starting application integrity check [] []
[2019-01-18 04:38:14] defaultLogger.INFO: Signature file found at: H:\wampserver\www\crm/signatures.json [] []
[2019-01-18 04:38:14] defaultLogger.WARNING: File hash mismatch: Include/Footer.php. Expected: 3637e91d0cdfc2759d493500050aec67635a7121; Got: 471c2ffecbe5882c6c7dd82e2c1b893c632c5f2f [] []
[2019-01-18 04:38:14] defaultLogger.WARNING: File hash mismatch: Include/Header.php. Expected: 569f7d97792a6ec4bf1016ec6567430cf97e5905; Got: 5f9a741233efb418779ec369f9e40160d716ec62 [] []
[2019-01-18 04:38:14] defaultLogger.WARNING: File hash mismatch: Menu.php. Expected: e06e2a60c49f93d123e6af479bf540d8efcb0d4b; Got: 2723b3fb778e2ae6fd3a284145277dbd73e336b5 [] []
[2019-01-18 04:38:15] defaultLogger.WARNING: Application integrity check failed: One or more files failed signature validation [] []
[2019-01-18 04:38:15] defaultLogger.INFO: Finished background job processing [] []
[2019-01-18 04:38:21] defaultLogger.INFO: Starting background job processing [] []
[2019-01-18 04:38:21] defaultLogger.INFO: Starting application integrity check [] []
[2019-01-18 04:38:21] defaultLogger.INFO: Signature file found at: H:\wampserver\www\crm/signatures.json [] []
[2019-01-18 04:38:21] defaultLogger.WARNING: File hash mismatch: Include/Footer.php. Expected: 3637e91d0cdfc2759d493500050aec67635a7121; Got: 471c2ffecbe5882c6c7dd82e2c1b893c632c5f2f [] []
[2019-01-18 04:38:21] defaultLogger.WARNING: File hash mismatch: Include/Header.php. Expected: 569f7d97792a6ec4bf1016ec6567430cf97e5905; Got: 5f9a741233efb418779ec369f9e40160d716ec62 [] []
[2019-01-18 04:38:21] defaultLogger.WARNING: File hash mismatch: Menu.php. Expected: e06e2a60c49f93d123e6af479bf540d8efcb0d4b; Got: 2723b3fb778e2ae6fd3a284145277dbd73e336b5 [] []
[2019-01-18 04:38:22] defaultLogger.WARNING: Application integrity check failed: One or more files failed signature validation [] []
[2019-01-18 04:38:22] defaultLogger.INFO: Finished background job processing [] []
[2019-01-18 04:38:26] defaultLogger.INFO: Starting background job processing [] []
[2019-01-18 04:38:26] defaultLogger.INFO: Starting application integrity check [] []
[2019-01-18 04:38:26] defaultLogger.INFO: Signature file found at: H:\wampserver\www\crm/signatures.json [] []
[2019-01-18 04:38:27] defaultLogger.WARNING: File hash mismatch: Include/Footer.php. Expected: 3637e91d0cdfc2759d493500050aec67635a7121; Got: 471c2ffecbe5882c6c7dd82e2c1b893c632c5f2f [] []
[2019-01-18 04:38:27] defaultLogger.WARNING: File hash mismatch: Include/Header.php. Expected: 569f7d97792a6ec4bf1016ec6567430cf97e5905; Got: 5f9a741233efb418779ec369f9e40160d716ec62 [] []
[2019-01-18 04:38:27] defaultLogger.WARNING: File hash mismatch: Menu.php. Expected: e06e2a60c49f93d123e6af479bf540d8efcb0d4b; Got: 2723b3fb778e2ae6fd3a284145277dbd73e336b5 [] []
[2019-01-18 04:38:28] defaultLogger.WARNING: Application integrity check failed: One or more files failed signature validation [] []
[2019-01-18 04:38:28] defaultLogger.INFO: Finished background job processing [] []
[2019-01-18 04:38:42] defaultLogger.INFO: Starting background job processing [] []
[2019-01-18 04:38:42] defaultLogger.INFO: Starting application integrity check [] []
[2019-01-18 04:38:42] defaultLogger.INFO: Signature file found at: H:\wampserver\www\crm/signatures.json [] []
[2019-01-18 04:38:42] defaultLogger.WARNING: File hash mismatch: Include/Footer.php. Expected: 3637e91d0cdfc2759d493500050aec67635a7121; Got: 471c2ffecbe5882c6c7dd82e2c1b893c632c5f2f [] []
[2019-01-18 04:38:42] defaultLogger.WARNING: File hash mismatch: Include/Header.php. Expected: 569f7d97792a6ec4bf1016ec6567430cf97e5905; Got: 5f9a741233efb418779ec369f9e40160d716ec62 [] []
[2019-01-18 04:38:42] defaultLogger.WARNING: File hash mismatch: Menu.php. Expected: e06e2a60c49f93d123e6af479bf540d8efcb0d4b; Got: 2723b3fb778e2ae6fd3a284145277dbd73e336b5 [] []
[2019-01-18 04:38:43] defaultLogger.WARNING: Application integrity check failed: One or more files failed signature validation [] []
[2019-01-18 04:38:43] defaultLogger.INFO: Finished background job processing [] []
[2019-01-18 04:38:47] defaultLogger.INFO: Starting background job processing [] []
[2019-01-18 04:38:47] defaultLogger.INFO: Starting application integrity check [] []
[2019-01-18 04:38:47] defaultLogger.INFO: Signature file found at: H:\wampserver\www\crm/signatures.json [] []
[2019-01-18 04:38:47] defaultLogger.WARNING: File hash mismatch: Include/Footer.php. Expected: 3637e91d0cdfc2759d493500050aec67635a7121; Got: 471c2ffecbe5882c6c7dd82e2c1b893c632c5f2f [] []
[2019-01-18 04:38:47] defaultLogger.WARNING: File hash mismatch: Include/Header.php. Expected: 569f7d97792a6ec4bf1016ec6567430cf97e5905; Got: 5f9a741233efb418779ec369f9e40160d716ec62 [] []
[2019-01-18 04:38:47] defaultLogger.WARNING: File hash mismatch: Menu.php. Expected: e06e2a60c49f93d123e6af479bf540d8efcb0d4b; Got: 2723b3fb778e2ae6fd3a284145277dbd73e336b5 [] []
[2019-01-18 04:38:48] defaultLogger.WARNING: Application integrity check failed: One or more files failed signature validation [] []
[2019-01-18 04:38:48] defaultLogger.INFO: Finished background job processing [] []
[2019-01-18 04:38:51] defaultLogger.INFO: Starting background job processing [] []
[2019-01-18 04:38:51] defaultLogger.INFO: Starting application integrity check [] []
[2019-01-18 04:38:51] defaultLogger.INFO: Signature file found at: H:\wampserver\www\crm/signatures.json [] []
[2019-01-18 04:38:51] defaultLogger.WARNING: File hash mismatch: Include/Footer.php. Expected: 3637e91d0cdfc2759d493500050aec67635a7121; Got: 471c2ffecbe5882c6c7dd82e2c1b893c632c5f2f [] []
[2019-01-18 04:38:51] defaultLogger.WARNING: File hash mismatch: Include/Header.php. Expected: 569f7d97792a6ec4bf1016ec6567430cf97e5905; Got: 5f9a741233efb418779ec369f9e40160d716ec62 [] []
[2019-01-18 04:38:51] defaultLogger.WARNING: File hash mismatch: Menu.php. Expected: e06e2a60c49f93d123e6af479bf540d8efcb0d4b; Got: 2723b3fb778e2ae6fd3a284145277dbd73e336b5 [] []
[2019-01-18 04:38:52] defaultLogger.WARNING: Application integrity check failed: One or more files failed signature validation [] []
[2019-01-18 04:38:52] defaultLogger.INFO: Finished background job processing [] []
[2019-01-18 04:39:03] defaultLogger.INFO: Starting background job processing [] []
[2019-01-18 04:39:03] defaultLogger.INFO: Starting application integrity check [] []
[2019-01-18 04:39:03] defaultLogger.INFO: Signature file found at: H:\wampserver\www\crm/signatures.json [] []
[2019-01-18 04:39:03] defaultLogger.WARNING: File hash mismatch: Include/Footer.php. Expected: 3637e91d0cdfc2759d493500050aec67635a7121; Got: 471c2ffecbe5882c6c7dd82e2c1b893c632c5f2f [] []
[2019-01-18 04:39:03] defaultLogger.WARNING: File hash mismatch: Include/Header.php. Expected: 569f7d97792a6ec4bf1016ec6567430cf97e5905; Got: 5f9a741233efb418779ec369f9e40160d716ec62 [] []
[2019-01-18 04:39:03] defaultLogger.WARNING: File hash mismatch: Menu.php. Expected: e06e2a60c49f93d123e6af479bf540d8efcb0d4b; Got: 2723b3fb778e2ae6fd3a284145277dbd73e336b5 [] []
[2019-01-18 04:39:04] defaultLogger.WARNING: Application integrity check failed: One or more files failed signature validation [] []
[2019-01-18 04:39:04] defaultLogger.INFO: Finished background job processing [] []
[2019-01-18 04:39:08] defaultLogger.INFO: Starting background job processing [] []
[2019-01-18 04:39:08] defaultLogger.INFO: Starting application integrity check [] []
[2019-01-18 04:39:08] defaultLogger.INFO: Signature file found at: H:\wampserver\www\crm/signatures.json [] []
[2019-01-18 04:39:08] defaultLogger.WARNING: File hash mismatch: Include/Footer.php. Expected: 3637e91d0cdfc2759d493500050aec67635a7121; Got: 471c2ffecbe5882c6c7dd82e2c1b893c632c5f2f [] []
[2019-01-18 04:39:08] defaultLogger.WARNING: File hash mismatch: Include/Header.php. Expected: 569f7d97792a6ec4bf1016ec6567430cf97e5905; Got: 5f9a741233efb418779ec369f9e40160d716ec62 [] []
[2019-01-18 04:39:08] defaultLogger.WARNING: File hash mismatch: Menu.php. Expected: e06e2a60c49f93d123e6af479bf540d8efcb0d4b; Got: 2723b3fb778e2ae6fd3a284145277dbd73e336b5 [] []
[2019-01-18 04:39:08] defaultLogger.WARNING: Application integrity check failed: One or more files failed signature validation [] []
[2019-01-18 04:39:08] defaultLogger.INFO: Finished background job processing [] []
[2019-01-18 04:39:12] defaultLogger.INFO: Starting background job processing [] []
[2019-01-18 04:39:12] defaultLogger.INFO: Starting application integrity check [] []
[2019-01-18 04:39:12] defaultLogger.INFO: Signature file found at: H:\wampserver\www\crm/signatures.json [] []
[2019-01-18 04:39:13] defaultLogger.WARNING: File hash mismatch: Include/Footer.php. Expected: 3637e91d0cdfc2759d493500050aec67635a7121; Got: 471c2ffecbe5882c6c7dd82e2c1b893c632c5f2f [] []
[2019-01-18 04:39:13] defaultLogger.WARNING: File hash mismatch: Include/Header.php. Expected: 569f7d97792a6ec4bf1016ec6567430cf97e5905; Got: 5f9a741233efb418779ec369f9e40160d716ec62 [] []
[2019-01-18 04:39:13] defaultLogger.WARNING: File hash mismatch: Menu.php. Expected: e06e2a60c49f93d123e6af479bf540d8efcb0d4b; Got: 2723b3fb778e2ae6fd3a284145277dbd73e336b5 [] []
[2019-01-18 04:39:13] defaultLogger.WARNING: Application integrity check failed: One or more files failed signature validation [] []
[2019-01-18 04:39:13] defaultLogger.INFO: Finished background job processing [] []
[2019-01-18 04:39:25] defaultLogger.INFO: Starting background job processing [] []
[2019-01-18 04:39:25] defaultLogger.INFO: Starting application integrity check [] []
[2019-01-18 04:39:25] defaultLogger.INFO: Signature file found at: H:\wampserver\www\crm/signatures.json [] []
[2019-01-18 04:39:25] defaultLogger.WARNING: File hash mismatch: Include/Footer.php. Expected: 3637e91d0cdfc2759d493500050aec67635a7121; Got: 471c2ffecbe5882c6c7dd82e2c1b893c632c5f2f [] []
[2019-01-18 04:39:25] defaultLogger.WARNING: File hash mismatch: Include/Header.php. Expected: 569f7d97792a6ec4bf1016ec6567430cf97e5905; Got: 5f9a741233efb418779ec369f9e40160d716ec62 [] []
[2019-01-18 04:39:25] defaultLogger.WARNING: File hash mismatch: Menu.php. Expected: e06e2a60c49f93d123e6af479bf540d8efcb0d4b; Got: 2723b3fb778e2ae6fd3a284145277dbd73e336b5 [] []
[2019-01-18 04:39:26] defaultLogger.WARNING: Application integrity check failed: One or more files failed signature validation [] []
[2019-01-18 04:39:26] defaultLogger.INFO: Finished background job processing [] []
[2019-01-18 04:39:29] defaultLogger.INFO: Starting background job processing [] []
[2019-01-18 04:39:29] defaultLogger.INFO: Starting application integrity check [] []
[2019-01-18 04:39:29] defaultLogger.INFO: Signature file found at: H:\wampserver\www\crm/signatures.json [] []
[2019-01-18 04:39:29] defaultLogger.WARNING: File hash mismatch: Include/Footer.php. Expected: 3637e91d0cdfc2759d493500050aec67635a7121; Got: 471c2ffecbe5882c6c7dd82e2c1b893c632c5f2f [] []
[2019-01-18 04:39:29] defaultLogger.WARNING: File hash mismatch: Include/Header.php. Expected: 569f7d97792a6ec4bf1016ec6567430cf97e5905; Got: 5f9a741233efb418779ec369f9e40160d716ec62 [] []
[2019-01-18 04:39:29] defaultLogger.WARNING: File hash mismatch: Menu.php. Expected: e06e2a60c49f93d123e6af479bf540d8efcb0d4b; Got: 2723b3fb778e2ae6fd3a284145277dbd73e336b5 [] []
[2019-01-18 04:39:30] defaultLogger.WARNING: Application integrity check failed: One or more files failed signature validation [] []
[2019-01-18 04:39:30] defaultLogger.INFO: Finished background job processing [] []
[2019-01-18 04:39:43] defaultLogger.INFO: Starting background job processing [] []
[2019-01-18 04:39:43] defaultLogger.INFO: Starting application integrity check [] []
[2019-01-18 04:39:43] defaultLogger.INFO: Signature file found at: H:\wampserver\www\crm/signatures.json [] []
[2019-01-18 04:39:44] defaultLogger.WARNING: File hash mismatch: Include/Footer.php. Expected: 3637e91d0cdfc2759d493500050aec67635a7121; Got: 471c2ffecbe5882c6c7dd82e2c1b893c632c5f2f [] []
[2019-01-18 04:39:44] defaultLogger.WARNING: File hash mismatch: Include/Header.php. Expected: 569f7d97792a6ec4bf1016ec6567430cf97e5905; Got: 5f9a741233efb418779ec369f9e40160d716ec62 [] []
[2019-01-18 04:39:44] defaultLogger.WARNING: File hash mismatch: Menu.php. Expected: e06e2a60c49f93d123e6af479bf540d8efcb0d4b; Got: 2723b3fb778e2ae6fd3a284145277dbd73e336b5 [] []
[2019-01-18 04:39:45] defaultLogger.WARNING: Application integrity check failed: One or more files failed signature validation [] []
[2019-01-18 04:39:45] defaultLogger.INFO: Finished background job processing [] []
[2019-01-18 04:40:05] defaultLogger.INFO: Starting background job processing [] []
[2019-01-18 04:40:05] defaultLogger.INFO: Starting application integrity check [] []
[2019-01-18 04:40:05] defaultLogger.INFO: Signature file found at: H:\wampserver\www\crm/signatures.json [] []
[2019-01-18 04:40:05] defaultLogger.WARNING: File hash mismatch: Include/Footer.php. Expected: 3637e91d0cdfc2759d493500050aec67635a7121; Got: 471c2ffecbe5882c6c7dd82e2c1b893c632c5f2f [] []
[2019-01-18 04:40:05] defaultLogger.WARNING: File hash mismatch: Include/Header.php. Expected: 569f7d97792a6ec4bf1016ec6567430cf97e5905; Got: 5f9a741233efb418779ec369f9e40160d716ec62 [] []
[2019-01-18 04:40:05] defaultLogger.WARNING: File hash mismatch: Menu.php. Expected: e06e2a60c49f93d123e6af479bf540d8efcb0d4b; Got: 2723b3fb778e2ae6fd3a284145277dbd73e336b5 [] []
[2019-01-18 04:40:06] defaultLogger.WARNING: Application integrity check failed: One or more files failed signature validation [] []
[2019-01-18 04:40:06] defaultLogger.INFO: Finished background job processing [] []
[2019-01-18 04:40:12] defaultLogger.INFO: Starting background job processing [] []
[2019-01-18 04:40:12] defaultLogger.INFO: Starting application integrity check [] []
[2019-01-18 04:40:12] defaultLogger.INFO: Signature file found at: H:\wampserver\www\crm/signatures.json [] []
[2019-01-18 04:40:12] defaultLogger.WARNING: File hash mismatch: Include/Footer.php. Expected: 3637e91d0cdfc2759d493500050aec67635a7121; Got: 471c2ffecbe5882c6c7dd82e2c1b893c632c5f2f [] []
[2019-01-18 04:40:12] defaultLogger.WARNING: File hash mismatch: Include/Header.php. Expected: 569f7d97792a6ec4bf1016ec6567430cf97e5905; Got: 5f9a741233efb418779ec369f9e40160d716ec62 [] []
[2019-01-18 04:40:12] defaultLogger.WARNING: File hash mismatch: Menu.php. Expected: e06e2a60c49f93d123e6af479bf540d8efcb0d4b; Got: 2723b3fb778e2ae6fd3a284145277dbd73e336b5 [] []
[2019-01-18 04:40:13] defaultLogger.WARNING: Application integrity check failed: One or more files failed signature validation [] []
[2019-01-18 04:40:13] defaultLogger.INFO: Finished background job processing [] []
[2019-01-18 04:40:40] defaultLogger.INFO: Starting background job processing [] []
[2019-01-18 04:40:40] defaultLogger.INFO: Starting application integrity check [] []
[2019-01-18 04:40:40] defaultLogger.INFO: Signature file found at: H:\wampserver\www\crm/signatures.json [] []
[2019-01-18 04:40:40] defaultLogger.WARNING: File hash mismatch: Include/Footer.php. Expected: 3637e91d0cdfc2759d493500050aec67635a7121; Got: 471c2ffecbe5882c6c7dd82e2c1b893c632c5f2f [] []
[2019-01-18 04:40:40] defaultLogger.WARNING: File hash mismatch: Include/Header.php. Expected: 569f7d97792a6ec4bf1016ec6567430cf97e5905; Got: 5f9a741233efb418779ec369f9e40160d716ec62 [] []
[2019-01-18 04:40:40] defaultLogger.WARNING: File hash mismatch: Menu.php. Expected: e06e2a60c49f93d123e6af479bf540d8efcb0d4b; Got: 2723b3fb778e2ae6fd3a284145277dbd73e336b5 [] []
[2019-01-18 04:40:41] defaultLogger.WARNING: Application integrity check failed: One or more files failed signature validation [] []
[2019-01-18 04:40:41] defaultLogger.INFO: Finished background job processing [] []
[2019-01-18 04:41:26] defaultLogger.INFO: Starting background job processing [] []
[2019-01-18 04:41:26] defaultLogger.INFO: Starting application integrity check [] []
[2019-01-18 04:41:26] defaultLogger.INFO: Signature file found at: H:\wampserver\www\crm/signatures.json [] []
[2019-01-18 04:41:27] defaultLogger.WARNING: File hash mismatch: Include/Footer.php. Expected: 3637e91d0cdfc2759d493500050aec67635a7121; Got: 471c2ffecbe5882c6c7dd82e2c1b893c632c5f2f [] []
[2019-01-18 04:41:27] defaultLogger.WARNING: File hash mismatch: Include/Header.php. Expected: 569f7d97792a6ec4bf1016ec6567430cf97e5905; Got: 5f9a741233efb418779ec369f9e40160d716ec62 [] []
[2019-01-18 04:41:27] defaultLogger.WARNING: File hash mismatch: Menu.php. Expected: e06e2a60c49f93d123e6af479bf540d8efcb0d4b; Got: 2723b3fb778e2ae6fd3a284145277dbd73e336b5 [] []
[2019-01-18 04:41:28] defaultLogger.WARNING: Application integrity check failed: One or more files failed signature validation [] []
[2019-01-18 04:41:28] defaultLogger.INFO: Finished background job processing [] []
[2019-01-18 04:41:32] defaultLogger.INFO: Starting background job processing [] []
[2019-01-18 04:41:32] defaultLogger.INFO: Starting application integrity check [] []
[2019-01-18 04:41:32] defaultLogger.INFO: Signature file found at: H:\wampserver\www\crm/signatures.json [] []
[2019-01-18 04:41:32] defaultLogger.WARNING: File hash mismatch: Include/Footer.php. Expected: 3637e91d0cdfc2759d493500050aec67635a7121; Got: 471c2ffecbe5882c6c7dd82e2c1b893c632c5f2f [] []
[2019-01-18 04:41:32] defaultLogger.WARNING: File hash mismatch: Include/Header.php. Expected: 569f7d97792a6ec4bf1016ec6567430cf97e5905; Got: 5f9a741233efb418779ec369f9e40160d716ec62 [] []
[2019-01-18 04:41:32] defaultLogger.WARNING: File hash mismatch: Menu.php. Expected: e06e2a60c49f93d123e6af479bf540d8efcb0d4b; Got: 2723b3fb778e2ae6fd3a284145277dbd73e336b5 [] []
[2019-01-18 04:41:33] defaultLogger.WARNING: Application integrity check failed: One or more files failed signature validation [] []
[2019-01-18 04:41:33] defaultLogger.INFO: Finished background job processing [] []
[2019-01-18 04:42:29] defaultLogger.INFO: Starting background job processing [] []
[2019-01-18 04:42:29] defaultLogger.INFO: Starting application integrity check [] []
[2019-01-18 04:42:29] defaultLogger.INFO: Signature file found at: H:\wampserver\www\crm/signatures.json [] []
[2019-01-18 04:42:29] defaultLogger.WARNING: File hash mismatch: Include/Footer.php. Expected: 3637e91d0cdfc2759d493500050aec67635a7121; Got: 471c2ffecbe5882c6c7dd82e2c1b893c632c5f2f [] []
[2019-01-18 04:42:29] defaultLogger.WARNING: File hash mismatch: Include/Header.php. Expected: 569f7d97792a6ec4bf1016ec6567430cf97e5905; Got: 5f9a741233efb418779ec369f9e40160d716ec62 [] []
[2019-01-18 04:42:29] defaultLogger.WARNING: File hash mismatch: Menu.php. Expected: e06e2a60c49f93d123e6af479bf540d8efcb0d4b; Got: 2723b3fb778e2ae6fd3a284145277dbd73e336b5 [] []
[2019-01-18 04:42:30] defaultLogger.WARNING: Application integrity check failed: One or more files failed signature validation [] []
[2019-01-18 04:42:30] defaultLogger.INFO: Finished background job processing [] []
[2019-01-18 04:42:32] defaultLogger.INFO: Starting background job processing [] []
[2019-01-18 04:42:32] defaultLogger.INFO: Starting application integrity check [] []
[2019-01-18 04:42:32] defaultLogger.INFO: Signature file found at: H:\wampserver\www\crm/signatures.json [] []
[2019-01-18 04:42:32] defaultLogger.WARNING: File hash mismatch: Include/Footer.php. Expected: 3637e91d0cdfc2759d493500050aec67635a7121; Got: 471c2ffecbe5882c6c7dd82e2c1b893c632c5f2f [] []
[2019-01-18 04:42:32] defaultLogger.WARNING: File hash mismatch: Include/Header.php. Expected: 569f7d97792a6ec4bf1016ec6567430cf97e5905; Got: 5f9a741233efb418779ec369f9e40160d716ec62 [] []
[2019-01-18 04:42:32] defaultLogger.WARNING: File hash mismatch: Menu.php. Expected: e06e2a60c49f93d123e6af479bf540d8efcb0d4b; Got: 2723b3fb778e2ae6fd3a284145277dbd73e336b5 [] []
[2019-01-18 04:42:33] defaultLogger.WARNING: Application integrity check failed: One or more files failed signature validation [] []
[2019-01-18 04:42:33] defaultLogger.INFO: Finished background job processing [] []
[2019-01-18 04:42:35] defaultLogger.INFO: Starting background job processing [] []
[2019-01-18 04:42:35] defaultLogger.INFO: Starting application integrity check [] []
[2019-01-18 04:42:35] defaultLogger.INFO: Signature file found at: H:\wampserver\www\crm/signatures.json [] []
[2019-01-18 04:42:35] defaultLogger.WARNING: File hash mismatch: Include/Footer.php. Expected: 3637e91d0cdfc2759d493500050aec67635a7121; Got: 471c2ffecbe5882c6c7dd82e2c1b893c632c5f2f [] []
[2019-01-18 04:42:35] defaultLogger.WARNING: File hash mismatch: Include/Header.php. Expected: 569f7d97792a6ec4bf1016ec6567430cf97e5905; Got: 5f9a741233efb418779ec369f9e40160d716ec62 [] []
[2019-01-18 04:42:35] defaultLogger.WARNING: File hash mismatch: Menu.php. Expected: e06e2a60c49f93d123e6af479bf540d8efcb0d4b; Got: 2723b3fb778e2ae6fd3a284145277dbd73e336b5 [] []
[2019-01-18 04:42:36] defaultLogger.WARNING: Application integrity check failed: One or more files failed signature validation [] []
[2019-01-18 04:42:36] defaultLogger.INFO: Finished background job processing [] []
[2019-01-18 04:42:37] defaultLogger.INFO: Starting background job processing [] []
[2019-01-18 04:42:37] defaultLogger.INFO: Starting application integrity check [] []
[2019-01-18 04:42:37] defaultLogger.INFO: Signature file found at: H:\wampserver\www\crm/signatures.json [] []
[2019-01-18 04:42:37] defaultLogger.WARNING: File hash mismatch: Include/Footer.php. Expected: 3637e91d0cdfc2759d493500050aec67635a7121; Got: 471c2ffecbe5882c6c7dd82e2c1b893c632c5f2f [] []
[2019-01-18 04:42:37] defaultLogger.WARNING: File hash mismatch: Include/Header.php. Expected: 569f7d97792a6ec4bf1016ec6567430cf97e5905; Got: 5f9a741233efb418779ec369f9e40160d716ec62 [] []
[2019-01-18 04:42:37] defaultLogger.WARNING: File hash mismatch: Menu.php. Expected: e06e2a60c49f93d123e6af479bf540d8efcb0d4b; Got: 2723b3fb778e2ae6fd3a284145277dbd73e336b5 [] []
[2019-01-18 04:42:38] defaultLogger.WARNING: Application integrity check failed: One or more files failed signature validation [] []
[2019-01-18 04:42:38] defaultLogger.INFO: Finished background job processing [] []
[2019-01-18 04:42:42] defaultLogger.INFO: Starting background job processing [] []
[2019-01-18 04:42:42] defaultLogger.INFO: Starting application integrity check [] []
[2019-01-18 04:42:42] defaultLogger.INFO: Signature file found at: H:\wampserver\www\crm/signatures.json [] []
[2019-01-18 04:42:42] defaultLogger.WARNING: File hash mismatch: Include/Footer.php. Expected: 3637e91d0cdfc2759d493500050aec67635a7121; Got: 471c2ffecbe5882c6c7dd82e2c1b893c632c5f2f [] []
[2019-01-18 04:42:42] defaultLogger.WARNING: File hash mismatch: Include/Header.php. Expected: 569f7d97792a6ec4bf1016ec6567430cf97e5905; Got: 5f9a741233efb418779ec369f9e40160d716ec62 [] []
[2019-01-18 04:42:42] defaultLogger.WARNING: File hash mismatch: Menu.php. Expected: e06e2a60c49f93d123e6af479bf540d8efcb0d4b; Got: 2723b3fb778e2ae6fd3a284145277dbd73e336b5 [] []
[2019-01-18 04:42:43] defaultLogger.WARNING: Application integrity check failed: One or more files failed signature validation [] []
[2019-01-18 04:42:43] defaultLogger.INFO: Finished background job processing [] []
[2019-01-18 04:48:46] defaultLogger.INFO: Starting background job processing [] []
[2019-01-18 04:48:46] defaultLogger.INFO: Starting application integrity check [] []
[2019-01-18 04:48:46] defaultLogger.INFO: Signature file found at: H:\wampserver\www\crm/signatures.json [] []
[2019-01-18 04:48:46] defaultLogger.WARNING: File hash mismatch: Include/Footer.php. Expected: 3637e91d0cdfc2759d493500050aec67635a7121; Got: 471c2ffecbe5882c6c7dd82e2c1b893c632c5f2f [] []
[2019-01-18 04:48:46] defaultLogger.WARNING: File hash mismatch: Include/Header.php. Expected: 569f7d97792a6ec4bf1016ec6567430cf97e5905; Got: 5f9a741233efb418779ec369f9e40160d716ec62 [] []
[2019-01-18 04:48:46] defaultLogger.WARNING: File hash mismatch: Menu.php. Expected: e06e2a60c49f93d123e6af479bf540d8efcb0d4b; Got: 2723b3fb778e2ae6fd3a284145277dbd73e336b5 [] []
[2019-01-18 04:48:47] defaultLogger.WARNING: Application integrity check failed: One or more files failed signature validation [] []
[2019-01-18 04:48:47] defaultLogger.INFO: Finished background job processing [] []
