[2019-01-18 20:02:17] defaultLogger.INFO: Starting background job processing [] []
[2019-01-18 20:02:17] defaultLogger.INFO: Starting application integrity check [] []
[2019-01-18 20:02:17] defaultLogger.INFO: Signature file found at: H:\wampserver\www\crm/signatures.json [] []
[2019-01-18 20:02:17] defaultLogger.WARNING: File hash mismatch: Include/Footer.php. Expected: 3637e91d0cdfc2759d493500050aec67635a7121; Got: 471c2ffecbe5882c6c7dd82e2c1b893c632c5f2f [] []
[2019-01-18 20:02:17] defaultLogger.WARNING: File hash mismatch: Include/Header.php. Expected: 569f7d97792a6ec4bf1016ec6567430cf97e5905; Got: 5f9a741233efb418779ec369f9e40160d716ec62 [] []
[2019-01-18 20:02:17] defaultLogger.WARNING: File hash mismatch: Menu.php. Expected: e06e2a60c49f93d123e6af479bf540d8efcb0d4b; Got: 2723b3fb778e2ae6fd3a284145277dbd73e336b5 [] []
[2019-01-18 20:02:19] defaultLogger.WARNING: Application integrity check failed: One or more files failed signature validation [] []
[2019-01-18 20:02:19] defaultLogger.INFO: Finished background job processing [] []
[2019-01-18 20:02:21] defaultLogger.INFO: Starting background job processing [] []
[2019-01-18 20:02:21] defaultLogger.INFO: Not starting application integrity check.  Last application integrity check run: 20190118-200219 [] []
[2019-01-18 20:02:21] defaultLogger.INFO: Finished background job processing [] []
[2019-01-18 20:03:39] defaultLogger.INFO: Starting background job processing [] []
[2019-01-18 20:03:39] defaultLogger.INFO: Not starting application integrity check.  Last application integrity check run: 20190118-200219 [] []
[2019-01-18 20:03:39] defaultLogger.INFO: Finished background job processing [] []
[2019-01-18 20:03:44] defaultLogger.INFO: Starting background job processing [] []
[2019-01-18 20:03:44] defaultLogger.INFO: Not starting application integrity check.  Last application integrity check run: 20190118-200219 [] []
[2019-01-18 20:03:44] defaultLogger.INFO: Finished background job processing [] []
[2019-01-18 20:04:16] defaultLogger.INFO: Starting background job processing [] []
[2019-01-18 20:04:16] defaultLogger.INFO: Not starting application integrity check.  Last application integrity check run: 20190118-200219 [] []
[2019-01-18 20:04:16] defaultLogger.INFO: Finished background job processing [] []
[2019-01-18 20:05:12] defaultLogger.INFO: Starting background job processing [] []
[2019-01-18 20:05:12] defaultLogger.INFO: Not starting application integrity check.  Last application integrity check run: 20190118-200219 [] []
[2019-01-18 20:05:12] defaultLogger.INFO: Finished background job processing [] []
[2019-01-18 20:05:14] defaultLogger.INFO: Starting background job processing [] []
[2019-01-18 20:05:14] defaultLogger.INFO: Not starting application integrity check.  Last application integrity check run: 20190118-200219 [] []
[2019-01-18 20:05:14] defaultLogger.INFO: Finished background job processing [] []
[2019-01-18 20:05:29] defaultLogger.INFO: Starting background job processing [] []
[2019-01-18 20:05:29] defaultLogger.INFO: Not starting application integrity check.  Last application integrity check run: 20190118-200219 [] []
[2019-01-18 20:05:29] defaultLogger.INFO: Finished background job processing [] []
[2019-01-18 20:05:34] defaultLogger.INFO: Starting background job processing [] []
[2019-01-18 20:05:34] defaultLogger.INFO: Not starting application integrity check.  Last application integrity check run: 20190118-200219 [] []
[2019-01-18 20:05:34] defaultLogger.INFO: Finished background job processing [] []
[2019-01-18 20:05:55] defaultLogger.INFO: Starting background job processing [] []
[2019-01-18 20:05:55] defaultLogger.INFO: Not starting application integrity check.  Last application integrity check run: 20190118-200219 [] []
[2019-01-18 20:05:55] defaultLogger.INFO: Finished background job processing [] []
[2019-01-18 20:06:17] defaultLogger.INFO: Starting background job processing [] []
[2019-01-18 20:06:17] defaultLogger.INFO: Not starting application integrity check.  Last application integrity check run: 20190118-200219 [] []
[2019-01-18 20:06:17] defaultLogger.INFO: Finished background job processing [] []
[2019-01-18 20:06:46] defaultLogger.INFO: Starting background job processing [] []
[2019-01-18 20:06:46] defaultLogger.INFO: Not starting application integrity check.  Last application integrity check run: 20190118-200219 [] []
[2019-01-18 20:06:46] defaultLogger.INFO: Finished background job processing [] []
[2019-01-18 20:07:04] defaultLogger.INFO: Starting background job processing [] []
[2019-01-18 20:07:04] defaultLogger.INFO: Not starting application integrity check.  Last application integrity check run: 20190118-200219 [] []
[2019-01-18 20:07:04] defaultLogger.INFO: Finished background job processing [] []
[2019-01-18 20:09:13] defaultLogger.INFO: Starting background job processing [] []
[2019-01-18 20:09:13] defaultLogger.INFO: Not starting application integrity check.  Last application integrity check run: 20190118-200219 [] []
[2019-01-18 20:09:13] defaultLogger.INFO: Finished background job processing [] []
[2019-01-18 20:15:48] defaultLogger.INFO: Starting background job processing [] []
[2019-01-18 20:15:48] defaultLogger.INFO: Not starting application integrity check.  Last application integrity check run: 20190118-200219 [] []
[2019-01-18 20:15:48] defaultLogger.INFO: Finished background job processing [] []
[2019-01-18 20:16:19] defaultLogger.INFO: Starting background job processing [] []
[2019-01-18 20:16:19] defaultLogger.INFO: Not starting application integrity check.  Last application integrity check run: 20190118-200219 [] []
[2019-01-18 20:16:19] defaultLogger.INFO: Finished background job processing [] []
[2019-01-18 20:17:05] defaultLogger.INFO: Starting background job processing [] []
[2019-01-18 20:17:05] defaultLogger.INFO: Not starting application integrity check.  Last application integrity check run: 20190118-200219 [] []
[2019-01-18 20:17:05] defaultLogger.INFO: Finished background job processing [] []
[2019-01-18 20:23:27] defaultLogger.INFO: Starting background job processing [] []
[2019-01-18 20:23:27] defaultLogger.INFO: Not starting application integrity check.  Last application integrity check run: 20190118-200219 [] []
[2019-01-18 20:23:27] defaultLogger.INFO: Finished background job processing [] []
[2019-01-18 20:23:40] defaultLogger.INFO: Starting background job processing [] []
[2019-01-18 20:23:40] defaultLogger.INFO: Not starting application integrity check.  Last application integrity check run: 20190118-200219 [] []
[2019-01-18 20:23:40] defaultLogger.INFO: Finished background job processing [] []
[2019-01-18 20:24:10] defaultLogger.INFO: Starting background job processing [] []
[2019-01-18 20:24:10] defaultLogger.INFO: Not starting application integrity check.  Last application integrity check run: 20190118-200219 [] []
[2019-01-18 20:24:10] defaultLogger.INFO: Finished background job processing [] []
[2019-01-18 20:24:17] defaultLogger.INFO: Starting background job processing [] []
[2019-01-18 20:24:17] defaultLogger.INFO: Not starting application integrity check.  Last application integrity check run: 20190118-200219 [] []
[2019-01-18 20:24:17] defaultLogger.INFO: Finished background job processing [] []
[2019-01-18 20:26:14] defaultLogger.INFO: Starting background job processing [] []
[2019-01-18 20:26:14] defaultLogger.INFO: Not starting application integrity check.  Last application integrity check run: 20190118-200219 [] []
[2019-01-18 20:26:14] defaultLogger.INFO: Finished background job processing [] []
[2019-01-18 20:28:13] defaultLogger.INFO: Starting background job processing [] []
[2019-01-18 20:28:13] defaultLogger.INFO: Not starting application integrity check.  Last application integrity check run: 20190118-200219 [] []
[2019-01-18 20:28:13] defaultLogger.INFO: Finished background job processing [] []
[2019-01-18 20:28:49] defaultLogger.INFO: Starting background job processing [] []
[2019-01-18 20:28:49] defaultLogger.INFO: Not starting application integrity check.  Last application integrity check run: 20190118-200219 [] []
[2019-01-18 20:28:49] defaultLogger.INFO: Finished background job processing [] []
[2019-01-18 20:29:18] defaultLogger.INFO: Starting background job processing [] []
[2019-01-18 20:29:18] defaultLogger.INFO: Not starting application integrity check.  Last application integrity check run: 20190118-200219 [] []
[2019-01-18 20:29:18] defaultLogger.INFO: Finished background job processing [] []
[2019-01-18 20:29:51] defaultLogger.INFO: Starting background job processing [] []
[2019-01-18 20:29:51] defaultLogger.INFO: Not starting application integrity check.  Last application integrity check run: 20190118-200219 [] []
[2019-01-18 20:29:51] defaultLogger.INFO: Finished background job processing [] []
[2019-01-18 20:29:59] defaultLogger.INFO: Starting background job processing [] []
[2019-01-18 20:29:59] defaultLogger.INFO: Not starting application integrity check.  Last application integrity check run: 20190118-200219 [] []
[2019-01-18 20:29:59] defaultLogger.INFO: Finished background job processing [] []
[2019-01-18 20:32:16] defaultLogger.INFO: Starting background job processing [] []
[2019-01-18 20:32:16] defaultLogger.INFO: Not starting application integrity check.  Last application integrity check run: 20190118-200219 [] []
[2019-01-18 20:32:16] defaultLogger.INFO: Finished background job processing [] []
[2019-01-18 20:32:50] defaultLogger.INFO: Starting background job processing [] []
[2019-01-18 20:32:50] defaultLogger.INFO: Not starting application integrity check.  Last application integrity check run: 20190118-200219 [] []
[2019-01-18 20:32:50] defaultLogger.INFO: Finished background job processing [] []
[2019-01-18 20:32:55] defaultLogger.INFO: Starting background job processing [] []
[2019-01-18 20:32:55] defaultLogger.INFO: Not starting application integrity check.  Last application integrity check run: 20190118-200219 [] []
[2019-01-18 20:32:55] defaultLogger.INFO: Finished background job processing [] []
[2019-01-18 20:33:14] defaultLogger.INFO: Starting background job processing [] []
[2019-01-18 20:33:14] defaultLogger.INFO: Not starting application integrity check.  Last application integrity check run: 20190118-200219 [] []
[2019-01-18 20:33:14] defaultLogger.INFO: Finished background job processing [] []
[2019-01-18 20:33:40] defaultLogger.INFO: Starting background job processing [] []
[2019-01-18 20:33:40] defaultLogger.INFO: Not starting application integrity check.  Last application integrity check run: 20190118-200219 [] []
[2019-01-18 20:33:40] defaultLogger.INFO: Finished background job processing [] []
[2019-01-18 20:33:46] defaultLogger.INFO: Starting background job processing [] []
[2019-01-18 20:33:46] defaultLogger.INFO: Not starting application integrity check.  Last application integrity check run: 20190118-200219 [] []
[2019-01-18 20:33:46] defaultLogger.INFO: Finished background job processing [] []
[2019-01-18 20:33:54] defaultLogger.INFO: Starting background job processing [] []
[2019-01-18 20:33:54] defaultLogger.INFO: Not starting application integrity check.  Last application integrity check run: 20190118-200219 [] []
[2019-01-18 20:33:54] defaultLogger.INFO: Finished background job processing [] []
[2019-01-18 20:37:33] defaultLogger.INFO: Starting background job processing [] []
[2019-01-18 20:37:33] defaultLogger.INFO: Not starting application integrity check.  Last application integrity check run: 20190118-200219 [] []
[2019-01-18 20:37:33] defaultLogger.INFO: Finished background job processing [] []
[2019-01-18 20:38:04] defaultLogger.INFO: Starting background job processing [] []
[2019-01-18 20:38:04] defaultLogger.INFO: Not starting application integrity check.  Last application integrity check run: 20190118-200219 [] []
[2019-01-18 20:38:04] defaultLogger.INFO: Finished background job processing [] []
[2019-01-18 20:38:44] defaultLogger.INFO: Starting background job processing [] []
[2019-01-18 20:38:44] defaultLogger.INFO: Not starting application integrity check.  Last application integrity check run: 20190118-200219 [] []
[2019-01-18 20:38:44] defaultLogger.INFO: Finished background job processing [] []
[2019-01-18 20:39:44] defaultLogger.INFO: Starting background job processing [] []
[2019-01-18 20:39:44] defaultLogger.INFO: Not starting application integrity check.  Last application integrity check run: 20190118-200219 [] []
[2019-01-18 20:39:44] defaultLogger.INFO: Finished background job processing [] []
[2019-01-18 20:40:46] defaultLogger.INFO: Starting background job processing [] []
[2019-01-18 20:40:46] defaultLogger.INFO: Not starting application integrity check.  Last application integrity check run: 20190118-200219 [] []
[2019-01-18 20:40:46] defaultLogger.INFO: Finished background job processing [] []
[2019-01-18 20:43:31] defaultLogger.INFO: Starting background job processing [] []
[2019-01-18 20:43:31] defaultLogger.INFO: Not starting application integrity check.  Last application integrity check run: 20190118-200219 [] []
[2019-01-18 20:43:31] defaultLogger.INFO: Finished background job processing [] []
[2019-01-18 20:44:20] defaultLogger.INFO: Starting background job processing [] []
[2019-01-18 20:44:20] defaultLogger.INFO: Not starting application integrity check.  Last application integrity check run: 20190118-200219 [] []
[2019-01-18 20:44:20] defaultLogger.INFO: Finished background job processing [] []
[2019-01-18 20:45:24] defaultLogger.INFO: Starting background job processing [] []
[2019-01-18 20:45:24] defaultLogger.INFO: Not starting application integrity check.  Last application integrity check run: 20190118-200219 [] []
[2019-01-18 20:45:24] defaultLogger.INFO: Finished background job processing [] []
[2019-01-18 20:47:34] defaultLogger.INFO: Starting background job processing [] []
[2019-01-18 20:47:34] defaultLogger.INFO: Not starting application integrity check.  Last application integrity check run: 20190118-200219 [] []
[2019-01-18 20:47:34] defaultLogger.INFO: Finished background job processing [] []
[2019-01-18 20:48:03] defaultLogger.INFO: Starting background job processing [] []
[2019-01-18 20:48:03] defaultLogger.INFO: Not starting application integrity check.  Last application integrity check run: 20190118-200219 [] []
[2019-01-18 20:48:03] defaultLogger.INFO: Finished background job processing [] []
[2019-01-18 20:48:56] defaultLogger.INFO: Starting background job processing [] []
[2019-01-18 20:48:56] defaultLogger.INFO: Not starting application integrity check.  Last application integrity check run: 20190118-200219 [] []
[2019-01-18 20:48:56] defaultLogger.INFO: Finished background job processing [] []
[2019-01-18 20:49:06] defaultLogger.INFO: Starting background job processing [] []
[2019-01-18 20:49:06] defaultLogger.INFO: Not starting application integrity check.  Last application integrity check run: 20190118-200219 [] []
[2019-01-18 20:49:06] defaultLogger.INFO: Finished background job processing [] []
[2019-01-18 20:49:15] defaultLogger.INFO: Starting background job processing [] []
[2019-01-18 20:49:15] defaultLogger.INFO: Not starting application integrity check.  Last application integrity check run: 20190118-200219 [] []
[2019-01-18 20:49:15] defaultLogger.INFO: Finished background job processing [] []
[2019-01-18 20:49:33] defaultLogger.INFO: Starting background job processing [] []
[2019-01-18 20:49:33] defaultLogger.INFO: Not starting application integrity check.  Last application integrity check run: 20190118-200219 [] []
[2019-01-18 20:49:33] defaultLogger.INFO: Finished background job processing [] []
[2019-01-18 20:49:41] defaultLogger.INFO: Starting background job processing [] []
[2019-01-18 20:49:41] defaultLogger.INFO: Not starting application integrity check.  Last application integrity check run: 20190118-200219 [] []
[2019-01-18 20:49:41] defaultLogger.INFO: Finished background job processing [] []
[2019-01-18 20:49:47] defaultLogger.INFO: Starting background job processing [] []
[2019-01-18 20:49:47] defaultLogger.INFO: Not starting application integrity check.  Last application integrity check run: 20190118-200219 [] []
[2019-01-18 20:49:47] defaultLogger.INFO: Finished background job processing [] []
[2019-01-18 20:50:12] defaultLogger.INFO: Starting background job processing [] []
[2019-01-18 20:50:12] defaultLogger.INFO: Not starting application integrity check.  Last application integrity check run: 20190118-200219 [] []
[2019-01-18 20:50:12] defaultLogger.INFO: Finished background job processing [] []
[2019-01-18 20:54:44] defaultLogger.INFO: Starting background job processing [] []
[2019-01-18 20:54:44] defaultLogger.INFO: Not starting application integrity check.  Last application integrity check run: 20190118-200219 [] []
[2019-01-18 20:54:44] defaultLogger.INFO: Finished background job processing [] []
[2019-01-18 20:55:30] defaultLogger.INFO: Starting background job processing [] []
[2019-01-18 20:55:30] defaultLogger.INFO: Not starting application integrity check.  Last application integrity check run: 20190118-200219 [] []
[2019-01-18 20:55:30] defaultLogger.INFO: Finished background job processing [] []
[2019-01-18 20:55:34] defaultLogger.INFO: Starting background job processing [] []
[2019-01-18 20:55:34] defaultLogger.INFO: Not starting application integrity check.  Last application integrity check run: 20190118-200219 [] []
[2019-01-18 20:55:34] defaultLogger.INFO: Finished background job processing [] []
[2019-01-18 20:59:31] defaultLogger.INFO: Starting background job processing [] []
[2019-01-18 20:59:31] defaultLogger.INFO: Not starting application integrity check.  Last application integrity check run: 20190118-200219 [] []
[2019-01-18 20:59:31] defaultLogger.INFO: Finished background job processing [] []
[2019-01-18 20:59:40] defaultLogger.INFO: Starting background job processing [] []
[2019-01-18 20:59:40] defaultLogger.INFO: Not starting application integrity check.  Last application integrity check run: 20190118-200219 [] []
[2019-01-18 20:59:40] defaultLogger.INFO: Finished background job processing [] []
[2019-01-18 21:00:20] defaultLogger.INFO: Starting background job processing [] []
[2019-01-18 21:00:20] defaultLogger.INFO: Not starting application integrity check.  Last application integrity check run: 20190118-200219 [] []
[2019-01-18 21:00:20] defaultLogger.INFO: Finished background job processing [] []
[2019-01-18 21:00:40] defaultLogger.INFO: Starting background job processing [] []
[2019-01-18 21:00:40] defaultLogger.INFO: Not starting application integrity check.  Last application integrity check run: 20190118-200219 [] []
[2019-01-18 21:00:40] defaultLogger.INFO: Finished background job processing [] []
[2019-01-18 21:00:48] defaultLogger.INFO: Starting background job processing [] []
[2019-01-18 21:00:48] defaultLogger.INFO: Not starting application integrity check.  Last application integrity check run: 20190118-200219 [] []
[2019-01-18 21:00:48] defaultLogger.INFO: Finished background job processing [] []
[2019-01-18 21:01:09] defaultLogger.INFO: Starting background job processing [] []
[2019-01-18 21:01:09] defaultLogger.INFO: Not starting application integrity check.  Last application integrity check run: 20190118-200219 [] []
[2019-01-18 21:01:09] defaultLogger.INFO: Finished background job processing [] []
[2019-01-18 21:01:16] defaultLogger.INFO: Starting background job processing [] []
[2019-01-18 21:01:16] defaultLogger.INFO: Not starting application integrity check.  Last application integrity check run: 20190118-200219 [] []
[2019-01-18 21:01:16] defaultLogger.INFO: Finished background job processing [] []
[2019-01-18 21:06:38] defaultLogger.INFO: Starting background job processing [] []
[2019-01-18 21:06:38] defaultLogger.INFO: Not starting application integrity check.  Last application integrity check run: 20190118-200219 [] []
[2019-01-18 21:06:38] defaultLogger.INFO: Finished background job processing [] []
[2019-01-18 21:07:47] defaultLogger.INFO: Starting background job processing [] []
[2019-01-18 21:07:47] defaultLogger.INFO: Not starting application integrity check.  Last application integrity check run: 20190118-200219 [] []
[2019-01-18 21:07:47] defaultLogger.INFO: Finished background job processing [] []
[2019-01-18 21:08:31] defaultLogger.INFO: Starting background job processing [] []
[2019-01-18 21:08:31] defaultLogger.INFO: Not starting application integrity check.  Last application integrity check run: 20190118-200219 [] []
[2019-01-18 21:08:31] defaultLogger.INFO: Finished background job processing [] []
[2019-01-18 22:06:07] defaultLogger.INFO: Starting background job processing [] []
[2019-01-18 22:06:07] defaultLogger.INFO: Not starting application integrity check.  Last application integrity check run: 20190118-200219 [] []
[2019-01-18 22:06:07] defaultLogger.INFO: Finished background job processing [] []
[2019-01-18 22:06:09] defaultLogger.INFO: Starting background job processing [] []
[2019-01-18 22:06:09] defaultLogger.INFO: Not starting application integrity check.  Last application integrity check run: 20190118-200219 [] []
[2019-01-18 22:06:09] defaultLogger.INFO: Finished background job processing [] []
[2019-01-18 22:06:20] defaultLogger.INFO: Starting background job processing [] []
[2019-01-18 22:06:20] defaultLogger.INFO: Not starting application integrity check.  Last application integrity check run: 20190118-200219 [] []
[2019-01-18 22:06:20] defaultLogger.INFO: Finished background job processing [] []
[2019-01-18 22:06:35] defaultLogger.INFO: Starting background job processing [] []
[2019-01-18 22:06:35] defaultLogger.INFO: Not starting application integrity check.  Last application integrity check run: 20190118-200219 [] []
[2019-01-18 22:06:35] defaultLogger.INFO: Finished background job processing [] []
[2019-01-18 22:12:35] defaultLogger.INFO: Starting background job processing [] []
[2019-01-18 22:12:35] defaultLogger.INFO: Not starting application integrity check.  Last application integrity check run: 20190118-200219 [] []
[2019-01-18 22:12:35] defaultLogger.INFO: Finished background job processing [] []
[2019-01-18 22:12:40] defaultLogger.INFO: Starting background job processing [] []
[2019-01-18 22:12:40] defaultLogger.INFO: Not starting application integrity check.  Last application integrity check run: 20190118-200219 [] []
[2019-01-18 22:12:40] defaultLogger.INFO: Finished background job processing [] []
[2019-01-18 22:39:55] defaultLogger.INFO: Starting background job processing [] []
[2019-01-18 22:39:55] defaultLogger.INFO: Not starting application integrity check.  Last application integrity check run: 20190118-200219 [] []
[2019-01-18 22:39:55] defaultLogger.INFO: Finished background job processing [] []
[2019-01-18 23:16:18] defaultLogger.INFO: Starting background job processing [] []
[2019-01-18 23:16:18] defaultLogger.INFO: Not starting application integrity check.  Last application integrity check run: 20190118-200219 [] []
[2019-01-18 23:16:18] defaultLogger.INFO: Finished background job processing [] []
[2019-01-19 02:25:49] defaultLogger.INFO: Starting background job processing [] []
[2019-01-19 02:25:49] defaultLogger.INFO: Not starting application integrity check.  Last application integrity check run: 20190118-200219 [] []
[2019-01-19 02:25:49] defaultLogger.INFO: Finished background job processing [] []
[2019-01-19 02:25:56] defaultLogger.INFO: Starting background job processing [] []
[2019-01-19 02:25:56] defaultLogger.INFO: Not starting application integrity check.  Last application integrity check run: 20190118-200219 [] []
[2019-01-19 02:25:56] defaultLogger.INFO: Finished background job processing [] []
[2019-01-19 02:49:12] defaultLogger.INFO: Starting background job processing [] []
[2019-01-19 02:49:12] defaultLogger.INFO: Not starting application integrity check.  Last application integrity check run: 20190118-200219 [] []
[2019-01-19 02:49:12] defaultLogger.INFO: Finished background job processing [] []
[2019-01-19 02:49:16] defaultLogger.INFO: Starting background job processing [] []
[2019-01-19 02:49:16] defaultLogger.INFO: Not starting application integrity check.  Last application integrity check run: 20190118-200219 [] []
[2019-01-19 02:49:16] defaultLogger.INFO: Finished background job processing [] []
[2019-01-19 03:45:02] defaultLogger.INFO: Starting background job processing [] []
[2019-01-19 03:45:02] defaultLogger.INFO: Not starting application integrity check.  Last application integrity check run: 20190118-200219 [] []
[2019-01-19 03:45:02] defaultLogger.INFO: Finished background job processing [] []
[2019-01-19 03:59:30] defaultLogger.INFO: Starting background job processing [] []
[2019-01-19 03:59:30] defaultLogger.INFO: Not starting application integrity check.  Last application integrity check run: 20190118-200219 [] []
[2019-01-19 03:59:30] defaultLogger.INFO: Finished background job processing [] []
[2019-01-19 03:59:38] defaultLogger.INFO: Starting background job processing [] []
[2019-01-19 03:59:38] defaultLogger.INFO: Not starting application integrity check.  Last application integrity check run: 20190118-200219 [] []
[2019-01-19 03:59:38] defaultLogger.INFO: Finished background job processing [] []
[2019-01-19 04:01:09] defaultLogger.INFO: Starting background job processing [] []
[2019-01-19 04:01:09] defaultLogger.INFO: Not starting application integrity check.  Last application integrity check run: 20190118-200219 [] []
[2019-01-19 04:01:09] defaultLogger.INFO: Finished background job processing [] []
[2019-01-19 04:01:11] defaultLogger.INFO: Starting background job processing [] []
[2019-01-19 04:01:11] defaultLogger.INFO: Not starting application integrity check.  Last application integrity check run: 20190118-200219 [] []
[2019-01-19 04:01:11] defaultLogger.INFO: Finished background job processing [] []
[2019-01-19 04:07:20] defaultLogger.INFO: Starting background job processing [] []
[2019-01-19 04:07:20] defaultLogger.INFO: Not starting application integrity check.  Last application integrity check run: 20190118-200219 [] []
[2019-01-19 04:07:20] defaultLogger.INFO: Finished background job processing [] []
[2019-01-19 04:07:30] defaultLogger.INFO: Starting background job processing [] []
[2019-01-19 04:07:30] defaultLogger.INFO: Not starting application integrity check.  Last application integrity check run: 20190118-200219 [] []
[2019-01-19 04:07:30] defaultLogger.INFO: Finished background job processing [] []
[2019-01-19 04:07:52] defaultLogger.INFO: Starting background job processing [] []
[2019-01-19 04:07:52] defaultLogger.INFO: Not starting application integrity check.  Last application integrity check run: 20190118-200219 [] []
[2019-01-19 04:07:52] defaultLogger.INFO: Finished background job processing [] []
[2019-01-19 04:09:47] defaultLogger.INFO: Starting background job processing [] []
[2019-01-19 04:09:47] defaultLogger.INFO: Not starting application integrity check.  Last application integrity check run: 20190118-200219 [] []
[2019-01-19 04:09:47] defaultLogger.INFO: Finished background job processing [] []
[2019-01-19 04:10:16] defaultLogger.INFO: Starting background job processing [] []
[2019-01-19 04:10:16] defaultLogger.INFO: Not starting application integrity check.  Last application integrity check run: 20190118-200219 [] []
[2019-01-19 04:10:16] defaultLogger.INFO: Finished background job processing [] []
[2019-01-19 04:10:46] defaultLogger.INFO: Starting background job processing [] []
[2019-01-19 04:10:46] defaultLogger.INFO: Not starting application integrity check.  Last application integrity check run: 20190118-200219 [] []
[2019-01-19 04:10:46] defaultLogger.INFO: Finished background job processing [] []
[2019-01-19 04:10:53] defaultLogger.INFO: Starting background job processing [] []
[2019-01-19 04:10:53] defaultLogger.INFO: Not starting application integrity check.  Last application integrity check run: 20190118-200219 [] []
[2019-01-19 04:10:53] defaultLogger.INFO: Finished background job processing [] []
